[0.335s] Invoking command in '/home/mie/Documents/bumperbot_ws/src/bumperbot_py_examples': PYTHONPATH=/home/mie/Documents/bumperbot_ws/src/build/bumperbot_py_examples/prefix_override:/usr/lib/python3/dist-packages/colcon_core/task/python/colcon_distutils_commands:/home/mie/Documents/bumperbot_ws/src/install/bumperbot_py_examples/lib/python3.10/site-packages:${PYTHONPATH} /usr/bin/python3 -W ignore:setup.py install is deprecated setup.py egg_info --egg-base ../build/bumperbot_py_examples build --build-base /home/mie/Documents/bumperbot_ws/src/build/bumperbot_py_examples/build install --record /home/mie/Documents/bumperbot_ws/src/build/bumperbot_py_examples/install.log --single-version-externally-managed install_data
[0.455s] running egg_info
[0.456s] creating ../build/bumperbot_py_examples/bumperbot_py_examples.egg-info
[0.456s] writing ../build/bumperbot_py_examples/bumperbot_py_examples.egg-info/PKG-INFO
[0.456s] writing dependency_links to ../build/bumperbot_py_examples/bumperbot_py_examples.egg-info/dependency_links.txt
[0.456s] writing entry points to ../build/bumperbot_py_examples/bumperbot_py_examples.egg-info/entry_points.txt
[0.456s] writing requirements to ../build/bumperbot_py_examples/bumperbot_py_examples.egg-info/requires.txt
[0.456s] writing top-level names to ../build/bumperbot_py_examples/bumperbot_py_examples.egg-info/top_level.txt
[0.456s] writing manifest file '../build/bumperbot_py_examples/bumperbot_py_examples.egg-info/SOURCES.txt'
[0.457s] reading manifest file '../build/bumperbot_py_examples/bumperbot_py_examples.egg-info/SOURCES.txt'
[0.457s] writing manifest file '../build/bumperbot_py_examples/bumperbot_py_examples.egg-info/SOURCES.txt'
[0.457s] running build
[0.457s] running build_py
[0.457s] creating /home/mie/Documents/bumperbot_ws/src/build/bumperbot_py_examples/build
[0.457s] creating /home/mie/Documents/bumperbot_ws/src/build/bumperbot_py_examples/build/lib
[0.457s] creating /home/mie/Documents/bumperbot_ws/src/build/bumperbot_py_examples/build/lib/bumperbot_py_examples
[0.457s] copying bumperbot_py_examples/simple_parameters.py -> /home/mie/Documents/bumperbot_ws/src/build/bumperbot_py_examples/build/lib/bumperbot_py_examples
[0.457s] copying bumperbot_py_examples/__init__.py -> /home/mie/Documents/bumperbot_ws/src/build/bumperbot_py_examples/build/lib/bumperbot_py_examples
[0.457s] copying bumperbot_py_examples/simple_turtlesim_kinematics.py -> /home/mie/Documents/bumperbot_ws/src/build/bumperbot_py_examples/build/lib/bumperbot_py_examples
[0.457s] running install
[0.457s] running install_lib
[0.458s] creating /home/mie/Documents/bumperbot_ws/src/install/bumperbot_py_examples/lib/python3.10/site-packages/bumperbot_py_examples
[0.458s] copying /home/mie/Documents/bumperbot_ws/src/build/bumperbot_py_examples/build/lib/bumperbot_py_examples/simple_parameters.py -> /home/mie/Documents/bumperbot_ws/src/install/bumperbot_py_examples/lib/python3.10/site-packages/bumperbot_py_examples
[0.458s] copying /home/mie/Documents/bumperbot_ws/src/build/bumperbot_py_examples/build/lib/bumperbot_py_examples/__init__.py -> /home/mie/Documents/bumperbot_ws/src/install/bumperbot_py_examples/lib/python3.10/site-packages/bumperbot_py_examples
[0.458s] copying /home/mie/Documents/bumperbot_ws/src/build/bumperbot_py_examples/build/lib/bumperbot_py_examples/simple_turtlesim_kinematics.py -> /home/mie/Documents/bumperbot_ws/src/install/bumperbot_py_examples/lib/python3.10/site-packages/bumperbot_py_examples
[0.458s] byte-compiling /home/mie/Documents/bumperbot_ws/src/install/bumperbot_py_examples/lib/python3.10/site-packages/bumperbot_py_examples/simple_parameters.py to simple_parameters.cpython-310.pyc
[0.458s] byte-compiling /home/mie/Documents/bumperbot_ws/src/install/bumperbot_py_examples/lib/python3.10/site-packages/bumperbot_py_examples/__init__.py to __init__.cpython-310.pyc
[0.458s] byte-compiling /home/mie/Documents/bumperbot_ws/src/install/bumperbot_py_examples/lib/python3.10/site-packages/bumperbot_py_examples/simple_turtlesim_kinematics.py to simple_turtlesim_kinematics.cpython-310.pyc
[0.459s] running install_data
[0.459s] creating /home/mie/Documents/bumperbot_ws/src/install/bumperbot_py_examples/share/ament_index
[0.459s] creating /home/mie/Documents/bumperbot_ws/src/install/bumperbot_py_examples/share/ament_index/resource_index
[0.459s] creating /home/mie/Documents/bumperbot_ws/src/install/bumperbot_py_examples/share/ament_index/resource_index/packages
[0.459s] copying resource/bumperbot_py_examples -> /home/mie/Documents/bumperbot_ws/src/install/bumperbot_py_examples/share/ament_index/resource_index/packages
[0.459s] copying package.xml -> /home/mie/Documents/bumperbot_ws/src/install/bumperbot_py_examples/share/bumperbot_py_examples
[0.459s] running install_egg_info
[0.460s] Copying ../build/bumperbot_py_examples/bumperbot_py_examples.egg-info to /home/mie/Documents/bumperbot_ws/src/install/bumperbot_py_examples/lib/python3.10/site-packages/bumperbot_py_examples-0.0.0-py3.10.egg-info
[0.460s] running install_scripts
[0.471s] Installing simple_parameter script to /home/mie/Documents/bumperbot_ws/src/install/bumperbot_py_examples/lib/bumperbot_py_examples
[0.471s] Installing simple_turtlesim_kinematics script to /home/mie/Documents/bumperbot_ws/src/install/bumperbot_py_examples/lib/bumperbot_py_examples
[0.471s] writing list of installed files to '/home/mie/Documents/bumperbot_ws/src/build/bumperbot_py_examples/install.log'
[0.488s] Invoked command in '/home/mie/Documents/bumperbot_ws/src/bumperbot_py_examples' returned '0': PYTHONPATH=/home/mie/Documents/bumperbot_ws/src/build/bumperbot_py_examples/prefix_override:/usr/lib/python3/dist-packages/colcon_core/task/python/colcon_distutils_commands:/home/mie/Documents/bumperbot_ws/src/install/bumperbot_py_examples/lib/python3.10/site-packages:${PYTHONPATH} /usr/bin/python3 -W ignore:setup.py install is deprecated setup.py egg_info --egg-base ../build/bumperbot_py_examples build --build-base /home/mie/Documents/bumperbot_ws/src/build/bumperbot_py_examples/build install --record /home/mie/Documents/bumperbot_ws/src/build/bumperbot_py_examples/install.log --single-version-externally-managed install_data
