[0.011s] Invoking command in '/home/mie/Documents/bumperbot_ws/src/build/bumperbot_controller': CMAKE_PREFIX_PATH=${CMAKE_PREFIX_PATH}:/home/mie/Documents/bumperbot_ws/install/bumperbot_py_examples:/opt/ros/humble /usr/bin/cmake /home/mie/Documents/bumperbot_ws/src/bumperbot_controller -DCMAKE_INSTALL_PREFIX=/home/mie/Documents/bumperbot_ws/src/install/bumperbot_controller
[0.044s] -- The C compiler identification is GNU 11.4.0
[0.074s] -- The CXX compiler identification is GNU 11.4.0
[0.078s] -- Detecting C compiler ABI info
[0.113s] -- Detecting C compiler ABI info - done
[0.117s] -- Check for working C compiler: /usr/bin/cc - skipped
[0.118s] -- Detecting C compile features
[0.118s] -- Detecting C compile features - done
[0.119s] -- Detecting CXX compiler ABI info
[0.161s] -- Detecting CXX compiler ABI info - done
[0.165s] -- Check for working CXX compiler: /usr/bin/c++ - skipped
[0.165s] -- Detecting CXX compile features
[0.165s] -- Detecting CXX compile features - done
[0.167s] -- Found ament_cmake: 1.3.9 (/opt/ros/humble/share/ament_cmake/cmake)
[0.250s] -- Found Python3: /usr/bin/python3 (found version "3.10.12") found components: Interpreter 
[0.298s] -- Found rclcpp: 16.0.9 (/opt/ros/humble/share/rclcpp/cmake)
[0.322s] -- Found rosidl_generator_c: 3.1.5 (/opt/ros/humble/share/rosidl_generator_c/cmake)
[0.325s] -- Found rosidl_adapter: 3.1.5 (/opt/ros/humble/share/rosidl_adapter/cmake)
[0.330s] -- Found rosidl_generator_cpp: 3.1.5 (/opt/ros/humble/share/rosidl_generator_cpp/cmake)
[0.338s] -- Using all available rosidl_typesupport_c: rosidl_typesupport_fastrtps_c;rosidl_typesupport_introspection_c
[0.348s] -- Using all available rosidl_typesupport_cpp: rosidl_typesupport_fastrtps_cpp;rosidl_typesupport_introspection_cpp
[0.386s] -- Found rmw_implementation_cmake: 6.1.2 (/opt/ros/humble/share/rmw_implementation_cmake/cmake)
[0.387s] -- Found rmw_fastrtps_cpp: 6.2.6 (/opt/ros/humble/share/rmw_fastrtps_cpp/cmake)
[0.436s] -- Found OpenSSL: /usr/lib/x86_64-linux-gnu/libcrypto.so (found version "3.0.2")  
[0.451s] -- Found FastRTPS: /opt/ros/humble/include  
[0.479s] -- Using RMW implementation 'rmw_fastrtps_cpp' as default
[0.484s] -- Looking for pthread.h
[0.521s] -- Looking for pthread.h - found
[0.521s] -- Performing Test CMAKE_HAVE_LIBC_PTHREAD
[0.558s] -- Performing Test CMAKE_HAVE_LIBC_PTHREAD - Success
[0.559s] -- Found Threads: TRUE  
[0.642s] -- Found rclpy: 3.3.13 (/opt/ros/humble/share/rclpy/cmake)
[0.643s] -- Found geometry_msgs: 4.2.4 (/opt/ros/humble/share/geometry_msgs/cmake)
[0.712s] -- Found ament_lint_auto: 0.12.11 (/opt/ros/humble/share/ament_lint_auto/cmake)
[0.754s] -- Added test 'cppcheck' to perform static code analysis on C / C++ code
[0.754s] -- Configured cppcheck include dirs: 
[0.754s] -- Configured cppcheck exclude dirs and/or files: 
[0.754s] -- Added test 'flake8' to check Python code syntax and style conventions
[0.755s] -- Added test 'lint_cmake' to check CMake code style
[0.755s] -- Added test 'pep257' to check Python code against some of the docstring style conventions in PEP 257
[0.755s] -- Added test 'uncrustify' to check C / C++ code style
[0.755s] -- Configured uncrustify additional arguments: 
[0.756s] -- Added test 'xmllint' to check XML markup files
[0.756s] -- Configuring done
[0.759s] -- Generating done
[0.759s] -- Build files have been written to: /home/mie/Documents/bumperbot_ws/src/build/bumperbot_controller
[0.765s] Invoked command in '/home/mie/Documents/bumperbot_ws/src/build/bumperbot_controller' returned '0': CMAKE_PREFIX_PATH=${CMAKE_PREFIX_PATH}:/home/mie/Documents/bumperbot_ws/install/bumperbot_py_examples:/opt/ros/humble /usr/bin/cmake /home/mie/Documents/bumperbot_ws/src/bumperbot_controller -DCMAKE_INSTALL_PREFIX=/home/mie/Documents/bumperbot_ws/src/install/bumperbot_controller
[0.766s] Invoking command in '/home/mie/Documents/bumperbot_ws/src/build/bumperbot_controller': CMAKE_PREFIX_PATH=${CMAKE_PREFIX_PATH}:/home/mie/Documents/bumperbot_ws/install/bumperbot_py_examples:/opt/ros/humble /usr/bin/cmake --build /home/mie/Documents/bumperbot_ws/src/build/bumperbot_controller -- -j24 -l24
[0.793s] Built target ament_cmake_python_copy_bumperbot_controller
[0.916s] running egg_info
[0.917s] creating bumperbot_controller.egg-info
[0.917s] writing bumperbot_controller.egg-info/PKG-INFO
[0.917s] writing dependency_links to bumperbot_controller.egg-info/dependency_links.txt
[0.917s] writing top-level names to bumperbot_controller.egg-info/top_level.txt
[0.917s] writing manifest file 'bumperbot_controller.egg-info/SOURCES.txt'
[0.918s] reading manifest file 'bumperbot_controller.egg-info/SOURCES.txt'
[0.918s] writing manifest file 'bumperbot_controller.egg-info/SOURCES.txt'
[0.933s] Built target ament_cmake_python_build_bumperbot_controller_egg
[0.940s] Invoked command in '/home/mie/Documents/bumperbot_ws/src/build/bumperbot_controller' returned '0': CMAKE_PREFIX_PATH=${CMAKE_PREFIX_PATH}:/home/mie/Documents/bumperbot_ws/install/bumperbot_py_examples:/opt/ros/humble /usr/bin/cmake --build /home/mie/Documents/bumperbot_ws/src/build/bumperbot_controller -- -j24 -l24
[0.950s] Invoking command in '/home/mie/Documents/bumperbot_ws/src/build/bumperbot_controller': CMAKE_PREFIX_PATH=${CMAKE_PREFIX_PATH}:/home/mie/Documents/bumperbot_ws/install/bumperbot_py_examples:/opt/ros/humble /usr/bin/cmake --install /home/mie/Documents/bumperbot_ws/src/build/bumperbot_controller
[0.954s] -- Install configuration: ""
[0.954s] -- Installing: /home/mie/Documents/bumperbot_ws/src/install/bumperbot_controller/share/bumperbot_controller/environment/pythonpath.sh
[0.954s] -- Installing: /home/mie/Documents/bumperbot_ws/src/install/bumperbot_controller/share/bumperbot_controller/environment/pythonpath.dsv
[0.954s] -- Installing: /home/mie/Documents/bumperbot_ws/src/install/bumperbot_controller/local/lib/python3.10/dist-packages/bumperbot_controller-0.0.0-py3.10.egg-info
[0.954s] -- Installing: /home/mie/Documents/bumperbot_ws/src/install/bumperbot_controller/local/lib/python3.10/dist-packages/bumperbot_controller-0.0.0-py3.10.egg-info/top_level.txt
[0.954s] -- Installing: /home/mie/Documents/bumperbot_ws/src/install/bumperbot_controller/local/lib/python3.10/dist-packages/bumperbot_controller-0.0.0-py3.10.egg-info/SOURCES.txt
[0.955s] -- Installing: /home/mie/Documents/bumperbot_ws/src/install/bumperbot_controller/local/lib/python3.10/dist-packages/bumperbot_controller-0.0.0-py3.10.egg-info/PKG-INFO
[0.955s] -- Installing: /home/mie/Documents/bumperbot_ws/src/install/bumperbot_controller/local/lib/python3.10/dist-packages/bumperbot_controller-0.0.0-py3.10.egg-info/dependency_links.txt
[0.955s] -- Installing: /home/mie/Documents/bumperbot_ws/src/install/bumperbot_controller/local/lib/python3.10/dist-packages/bumperbot_controller
[0.955s] -- Installing: /home/mie/Documents/bumperbot_ws/src/install/bumperbot_controller/local/lib/python3.10/dist-packages/bumperbot_controller/simple_controller.py
[0.955s] -- Installing: /home/mie/Documents/bumperbot_ws/src/install/bumperbot_controller/local/lib/python3.10/dist-packages/bumperbot_controller/__init__.py
[0.972s] Listing '/home/mie/Documents/bumperbot_ws/src/install/bumperbot_controller/local/lib/python3.10/dist-packages/bumperbot_controller'...
[0.972s] Compiling '/home/mie/Documents/bumperbot_ws/src/install/bumperbot_controller/local/lib/python3.10/dist-packages/bumperbot_controller/__init__.py'...
[0.972s] Compiling '/home/mie/Documents/bumperbot_ws/src/install/bumperbot_controller/local/lib/python3.10/dist-packages/bumperbot_controller/simple_controller.py'...
[0.974s] -- Installing: /home/mie/Documents/bumperbot_ws/src/install/bumperbot_controller/share/bumperbot_controller/config
[0.974s] -- Installing: /home/mie/Documents/bumperbot_ws/src/install/bumperbot_controller/share/bumperbot_controller/config/bumperbot_controllers.yaml
[0.974s] -- Installing: /home/mie/Documents/bumperbot_ws/src/install/bumperbot_controller/share/bumperbot_controller/launch
[0.974s] -- Installing: /home/mie/Documents/bumperbot_ws/src/install/bumperbot_controller/share/bumperbot_controller/launch/controller.launch.py
[0.975s] -- Installing: /home/mie/Documents/bumperbot_ws/src/install/bumperbot_controller/lib/bumperbot_controller/simple_controller.py
[0.975s] -- Installing: /home/mie/Documents/bumperbot_ws/src/install/bumperbot_controller/share/ament_index/resource_index/package_run_dependencies/bumperbot_controller
[0.975s] -- Installing: /home/mie/Documents/bumperbot_ws/src/install/bumperbot_controller/share/ament_index/resource_index/parent_prefix_path/bumperbot_controller
[0.975s] -- Installing: /home/mie/Documents/bumperbot_ws/src/install/bumperbot_controller/share/bumperbot_controller/environment/ament_prefix_path.sh
[0.975s] -- Installing: /home/mie/Documents/bumperbot_ws/src/install/bumperbot_controller/share/bumperbot_controller/environment/ament_prefix_path.dsv
[0.975s] -- Installing: /home/mie/Documents/bumperbot_ws/src/install/bumperbot_controller/share/bumperbot_controller/environment/path.sh
[0.975s] -- Installing: /home/mie/Documents/bumperbot_ws/src/install/bumperbot_controller/share/bumperbot_controller/environment/path.dsv
[0.975s] -- Installing: /home/mie/Documents/bumperbot_ws/src/install/bumperbot_controller/share/bumperbot_controller/local_setup.bash
[0.975s] -- Installing: /home/mie/Documents/bumperbot_ws/src/install/bumperbot_controller/share/bumperbot_controller/local_setup.sh
[0.975s] -- Installing: /home/mie/Documents/bumperbot_ws/src/install/bumperbot_controller/share/bumperbot_controller/local_setup.zsh
[0.975s] -- Installing: /home/mie/Documents/bumperbot_ws/src/install/bumperbot_controller/share/bumperbot_controller/local_setup.dsv
[0.975s] -- Installing: /home/mie/Documents/bumperbot_ws/src/install/bumperbot_controller/share/bumperbot_controller/package.dsv
[0.975s] -- Installing: /home/mie/Documents/bumperbot_ws/src/install/bumperbot_controller/share/ament_index/resource_index/packages/bumperbot_controller
[0.975s] -- Installing: /home/mie/Documents/bumperbot_ws/src/install/bumperbot_controller/share/bumperbot_controller/cmake/bumperbot_controllerConfig.cmake
[0.975s] -- Installing: /home/mie/Documents/bumperbot_ws/src/install/bumperbot_controller/share/bumperbot_controller/cmake/bumperbot_controllerConfig-version.cmake
[0.975s] -- Installing: /home/mie/Documents/bumperbot_ws/src/install/bumperbot_controller/share/bumperbot_controller/package.xml
[0.977s] Invoked command in '/home/mie/Documents/bumperbot_ws/src/build/bumperbot_controller' returned '0': CMAKE_PREFIX_PATH=${CMAKE_PREFIX_PATH}:/home/mie/Documents/bumperbot_ws/install/bumperbot_py_examples:/opt/ros/humble /usr/bin/cmake --install /home/mie/Documents/bumperbot_ws/src/build/bumperbot_controller
