[0.009s] Invoking command in '/home/mie/Documents/bumperbot_ws/src/build/bumperbot_cpp_examples': CMAKE_PREFIX_PATH=${CMAKE_PREFIX_PATH}:/home/mie/Documents/bumperbot_ws/install/bumperbot_py_examples:/opt/ros/humble /usr/bin/cmake /home/mie/Documents/bumperbot_ws/src/bumperbot_cpp_examples -DCMAKE_INSTALL_PREFIX=/home/mie/Documents/bumperbot_ws/src/install/bumperbot_cpp_examples
[0.041s] -- The C compiler identification is GNU 11.4.0
[0.071s] -- The CXX compiler identification is GNU 11.4.0
[0.075s] -- Detecting C compiler ABI info
[0.111s] -- Detecting C compiler ABI info - done
[0.114s] -- Check for working C compiler: /usr/bin/cc - skipped
[0.114s] -- Detecting C compile features
[0.115s] -- Detecting C compile features - done
[0.116s] -- Detecting CXX compiler ABI info
[0.158s] -- Detecting CXX compiler ABI info - done
[0.162s] -- Check for working CXX compiler: /usr/bin/c++ - skipped
[0.162s] -- Detecting CXX compile features
[0.162s] -- Detecting CXX compile features - done
[0.164s] -- Found ament_cmake: 1.3.9 (/opt/ros/humble/share/ament_cmake/cmake)
[0.247s] -- Found Python3: /usr/bin/python3 (found version "3.10.12") found components: Interpreter 
[0.295s] -- Found rclcpp: 16.0.9 (/opt/ros/humble/share/rclcpp/cmake)
[0.319s] -- Found rosidl_generator_c: 3.1.5 (/opt/ros/humble/share/rosidl_generator_c/cmake)
[0.322s] -- Found rosidl_adapter: 3.1.5 (/opt/ros/humble/share/rosidl_adapter/cmake)
[0.327s] -- Found rosidl_generator_cpp: 3.1.5 (/opt/ros/humble/share/rosidl_generator_cpp/cmake)
[0.335s] -- Using all available rosidl_typesupport_c: rosidl_typesupport_fastrtps_c;rosidl_typesupport_introspection_c
[0.345s] -- Using all available rosidl_typesupport_cpp: rosidl_typesupport_fastrtps_cpp;rosidl_typesupport_introspection_cpp
[0.383s] -- Found rmw_implementation_cmake: 6.1.2 (/opt/ros/humble/share/rmw_implementation_cmake/cmake)
[0.384s] -- Found rmw_fastrtps_cpp: 6.2.6 (/opt/ros/humble/share/rmw_fastrtps_cpp/cmake)
[0.433s] -- Found OpenSSL: /usr/lib/x86_64-linux-gnu/libcrypto.so (found version "3.0.2")  
[0.449s] -- Found FastRTPS: /opt/ros/humble/include  
[0.476s] -- Using RMW implementation 'rmw_fastrtps_cpp' as default
[0.481s] -- Looking for pthread.h
[0.518s] -- Looking for pthread.h - found
[0.518s] -- Performing Test CMAKE_HAVE_LIBC_PTHREAD
[0.556s] -- Performing Test CMAKE_HAVE_LIBC_PTHREAD - Success
[0.556s] -- Found Threads: TRUE  
[0.642s] -- Found turtlesim: 1.4.2 (/opt/ros/humble/share/turtlesim/cmake)
[0.721s] -- Found ament_lint_auto: 0.12.11 (/opt/ros/humble/share/ament_lint_auto/cmake)
[0.763s] -- Added test 'cppcheck' to perform static code analysis on C / C++ code
[0.763s] -- Configured cppcheck include dirs: /home/mie/Documents/bumperbot_ws/src/bumperbot_cpp_examples/include
[0.763s] -- Configured cppcheck exclude dirs and/or files: 
[0.763s] -- Added test 'lint_cmake' to check CMake code style
[0.764s] -- Added test 'uncrustify' to check C / C++ code style
[0.764s] -- Configured uncrustify additional arguments: 
[0.764s] -- Added test 'xmllint' to check XML markup files
[0.764s] -- Configuring done
[0.770s] -- Generating done
[0.771s] -- Build files have been written to: /home/mie/Documents/bumperbot_ws/src/build/bumperbot_cpp_examples
[0.776s] Invoked command in '/home/mie/Documents/bumperbot_ws/src/build/bumperbot_cpp_examples' returned '0': CMAKE_PREFIX_PATH=${CMAKE_PREFIX_PATH}:/home/mie/Documents/bumperbot_ws/install/bumperbot_py_examples:/opt/ros/humble /usr/bin/cmake /home/mie/Documents/bumperbot_ws/src/bumperbot_cpp_examples -DCMAKE_INSTALL_PREFIX=/home/mie/Documents/bumperbot_ws/src/install/bumperbot_cpp_examples
[0.777s] Invoking command in '/home/mie/Documents/bumperbot_ws/src/build/bumperbot_cpp_examples': CMAKE_PREFIX_PATH=${CMAKE_PREFIX_PATH}:/home/mie/Documents/bumperbot_ws/install/bumperbot_py_examples:/opt/ros/humble /usr/bin/cmake --build /home/mie/Documents/bumperbot_ws/src/build/bumperbot_cpp_examples -- -j24 -l24
[0.800s] [ 25%] [32mBuilding CXX object CMakeFiles/simple_parameter.dir/src/simple_parameter.cpp.o[0m
[0.800s] [ 50%] [32mBuilding CXX object CMakeFiles/simple_turtlesim_kinematics.dir/src/simple_turtlesim_kinematics.cpp.o[0m
[2.234s] [ 75%] [32m[1mLinking CXX executable simple_parameter[0m
[2.292s] [ 75%] Built target simple_parameter
[4.645s] [100%] [32m[1mLinking CXX executable simple_turtlesim_kinematics[0m
[4.838s] [100%] Built target simple_turtlesim_kinematics
[4.845s] Invoked command in '/home/mie/Documents/bumperbot_ws/src/build/bumperbot_cpp_examples' returned '0': CMAKE_PREFIX_PATH=${CMAKE_PREFIX_PATH}:/home/mie/Documents/bumperbot_ws/install/bumperbot_py_examples:/opt/ros/humble /usr/bin/cmake --build /home/mie/Documents/bumperbot_ws/src/build/bumperbot_cpp_examples -- -j24 -l24
[4.858s] Invoking command in '/home/mie/Documents/bumperbot_ws/src/build/bumperbot_cpp_examples': CMAKE_PREFIX_PATH=${CMAKE_PREFIX_PATH}:/home/mie/Documents/bumperbot_ws/install/bumperbot_py_examples:/opt/ros/humble /usr/bin/cmake --install /home/mie/Documents/bumperbot_ws/src/build/bumperbot_cpp_examples
[4.862s] -- Install configuration: ""
[4.862s] -- Installing: /home/mie/Documents/bumperbot_ws/src/install/bumperbot_cpp_examples/include/include
[4.862s] -- Installing: /home/mie/Documents/bumperbot_ws/src/install/bumperbot_cpp_examples/include/include/bumperbot_cpp_examples
[4.862s] -- Installing: /home/mie/Documents/bumperbot_ws/src/install/bumperbot_cpp_examples/include/include/bumperbot_cpp_examples/simple_turtlesim_kinematics.hpp
[4.862s] -- Installing: /home/mie/Documents/bumperbot_ws/src/install/bumperbot_cpp_examples/lib/bumperbot_cpp_examples/simple_parameter
[4.863s] -- Set runtime path of "/home/mie/Documents/bumperbot_ws/src/install/bumperbot_cpp_examples/lib/bumperbot_cpp_examples/simple_parameter" to ""
[4.863s] -- Installing: /home/mie/Documents/bumperbot_ws/src/install/bumperbot_cpp_examples/lib/bumperbot_cpp_examples/simple_turtlesim_kinematics
[4.865s] -- Set runtime path of "/home/mie/Documents/bumperbot_ws/src/install/bumperbot_cpp_examples/lib/bumperbot_cpp_examples/simple_turtlesim_kinematics" to ""
[4.865s] -- Installing: /home/mie/Documents/bumperbot_ws/src/install/bumperbot_cpp_examples/share/ament_index/resource_index/package_run_dependencies/bumperbot_cpp_examples
[4.865s] -- Installing: /home/mie/Documents/bumperbot_ws/src/install/bumperbot_cpp_examples/share/ament_index/resource_index/parent_prefix_path/bumperbot_cpp_examples
[4.865s] -- Installing: /home/mie/Documents/bumperbot_ws/src/install/bumperbot_cpp_examples/share/bumperbot_cpp_examples/environment/ament_prefix_path.sh
[4.865s] -- Installing: /home/mie/Documents/bumperbot_ws/src/install/bumperbot_cpp_examples/share/bumperbot_cpp_examples/environment/ament_prefix_path.dsv
[4.865s] -- Installing: /home/mie/Documents/bumperbot_ws/src/install/bumperbot_cpp_examples/share/bumperbot_cpp_examples/environment/path.sh
[4.865s] -- Installing: /home/mie/Documents/bumperbot_ws/src/install/bumperbot_cpp_examples/share/bumperbot_cpp_examples/environment/path.dsv
[4.865s] -- Installing: /home/mie/Documents/bumperbot_ws/src/install/bumperbot_cpp_examples/share/bumperbot_cpp_examples/local_setup.bash
[4.865s] -- Installing: /home/mie/Documents/bumperbot_ws/src/install/bumperbot_cpp_examples/share/bumperbot_cpp_examples/local_setup.sh
[4.865s] -- Installing: /home/mie/Documents/bumperbot_ws/src/install/bumperbot_cpp_examples/share/bumperbot_cpp_examples/local_setup.zsh
[4.865s] -- Installing: /home/mie/Documents/bumperbot_ws/src/install/bumperbot_cpp_examples/share/bumperbot_cpp_examples/local_setup.dsv
[4.865s] -- Installing: /home/mie/Documents/bumperbot_ws/src/install/bumperbot_cpp_examples/share/bumperbot_cpp_examples/package.dsv
[4.866s] -- Installing: /home/mie/Documents/bumperbot_ws/src/install/bumperbot_cpp_examples/share/ament_index/resource_index/packages/bumperbot_cpp_examples
[4.866s] -- Installing: /home/mie/Documents/bumperbot_ws/src/install/bumperbot_cpp_examples/share/bumperbot_cpp_examples/cmake/bumperbot_cpp_examplesConfig.cmake
[4.866s] -- Installing: /home/mie/Documents/bumperbot_ws/src/install/bumperbot_cpp_examples/share/bumperbot_cpp_examples/cmake/bumperbot_cpp_examplesConfig-version.cmake
[4.866s] -- Installing: /home/mie/Documents/bumperbot_ws/src/install/bumperbot_cpp_examples/share/bumperbot_cpp_examples/package.xml
[4.867s] Invoked command in '/home/mie/Documents/bumperbot_ws/src/build/bumperbot_cpp_examples' returned '0': CMAKE_PREFIX_PATH=${CMAKE_PREFIX_PATH}:/home/mie/Documents/bumperbot_ws/install/bumperbot_py_examples:/opt/ros/humble /usr/bin/cmake --install /home/mie/Documents/bumperbot_ws/src/build/bumperbot_cpp_examples
