[0.008s] Invoking command in '/home/mie/Documents/bumperbot_ws/src/build/bumperbot_description': CMAKE_PREFIX_PATH=${CMAKE_PREFIX_PATH}:/home/mie/Documents/bumperbot_ws/install/bumperbot_py_examples:/opt/ros/humble /usr/bin/cmake /home/mie/Documents/bumperbot_ws/src/bumperbot_description -DCMAKE_INSTALL_PREFIX=/home/mie/Documents/bumperbot_ws/src/install/bumperbot_description
[0.039s] -- The C compiler identification is GNU 11.4.0
[0.069s] -- The CXX compiler identification is GNU 11.4.0
[0.073s] -- Detecting C compiler ABI info
[0.109s] -- Detecting C compiler ABI info - done
[0.113s] -- Check for working C compiler: /usr/bin/cc - skipped
[0.113s] -- Detecting C compile features
[0.113s] -- Detecting C compile features - done
[0.115s] -- Detecting CXX compiler ABI info
[0.156s] -- Detecting CXX compiler ABI info - done
[0.160s] -- Check for working CXX compiler: /usr/bin/c++ - skipped
[0.160s] -- Detecting CXX compile features
[0.160s] -- Detecting CXX compile features - done
[0.162s] -- Found ament_cmake: 1.3.9 (/opt/ros/humble/share/ament_cmake/cmake)
[0.245s] -- Found Python3: /usr/bin/python3 (found version "3.10.12") found components: Interpreter 
[0.293s] -- Found ament_lint_auto: 0.12.11 (/opt/ros/humble/share/ament_lint_auto/cmake)
[0.341s] -- Added test 'flake8' to check Python code syntax and style conventions
[0.341s] -- Added test 'lint_cmake' to check CMake code style
[0.342s] -- Added test 'pep257' to check Python code against some of the docstring style conventions in PEP 257
[0.343s] -- Added test 'xmllint' to check XML markup files
[0.343s] -- Configuring done
[0.344s] -- Generating done
[0.345s] -- Build files have been written to: /home/mie/Documents/bumperbot_ws/src/build/bumperbot_description
[0.347s] Invoked command in '/home/mie/Documents/bumperbot_ws/src/build/bumperbot_description' returned '0': CMAKE_PREFIX_PATH=${CMAKE_PREFIX_PATH}:/home/mie/Documents/bumperbot_ws/install/bumperbot_py_examples:/opt/ros/humble /usr/bin/cmake /home/mie/Documents/bumperbot_ws/src/bumperbot_description -DCMAKE_INSTALL_PREFIX=/home/mie/Documents/bumperbot_ws/src/install/bumperbot_description
[0.348s] Invoking command in '/home/mie/Documents/bumperbot_ws/src/build/bumperbot_description': CMAKE_PREFIX_PATH=${CMAKE_PREFIX_PATH}:/home/mie/Documents/bumperbot_ws/install/bumperbot_py_examples:/opt/ros/humble /usr/bin/cmake --build /home/mie/Documents/bumperbot_ws/src/build/bumperbot_description -- -j24 -l24
[0.367s] Invoked command in '/home/mie/Documents/bumperbot_ws/src/build/bumperbot_description' returned '0': CMAKE_PREFIX_PATH=${CMAKE_PREFIX_PATH}:/home/mie/Documents/bumperbot_ws/install/bumperbot_py_examples:/opt/ros/humble /usr/bin/cmake --build /home/mie/Documents/bumperbot_ws/src/build/bumperbot_description -- -j24 -l24
[0.381s] Invoking command in '/home/mie/Documents/bumperbot_ws/src/build/bumperbot_description': CMAKE_PREFIX_PATH=${CMAKE_PREFIX_PATH}:/home/mie/Documents/bumperbot_ws/install/bumperbot_py_examples:/opt/ros/humble /usr/bin/cmake --install /home/mie/Documents/bumperbot_ws/src/build/bumperbot_description
[0.384s] -- Install configuration: ""
[0.384s] -- Installing: /home/mie/Documents/bumperbot_ws/src/install/bumperbot_description/share/bumperbot_description/meshes
[0.385s] -- Installing: /home/mie/Documents/bumperbot_ws/src/install/bumperbot_description/share/bumperbot_description/meshes/caster_front_link.STL
[0.385s] -- Installing: /home/mie/Documents/bumperbot_ws/src/install/bumperbot_description/share/bumperbot_description/meshes/caster_rear_link.STL
[0.385s] -- Installing: /home/mie/Documents/bumperbot_ws/src/install/bumperbot_description/share/bumperbot_description/meshes/can.STL
[0.386s] -- Installing: /home/mie/Documents/bumperbot_ws/src/install/bumperbot_description/share/bumperbot_description/meshes/wheel_right_link.STL
[0.386s] -- Installing: /home/mie/Documents/bumperbot_ws/src/install/bumperbot_description/share/bumperbot_description/meshes/wheel_left_link.STL
[0.387s] -- Installing: /home/mie/Documents/bumperbot_ws/src/install/bumperbot_description/share/bumperbot_description/meshes/base_link.STL
[0.393s] -- Installing: /home/mie/Documents/bumperbot_ws/src/install/bumperbot_description/share/bumperbot_description/meshes/imu_link.STL
[0.394s] -- Installing: /home/mie/Documents/bumperbot_ws/src/install/bumperbot_description/share/bumperbot_description/urdf
[0.394s] -- Installing: /home/mie/Documents/bumperbot_ws/src/install/bumperbot_description/share/bumperbot_description/urdf/bumperbot.urdf.xacro
[0.394s] -- Installing: /home/mie/Documents/bumperbot_ws/src/install/bumperbot_description/share/bumperbot_description/urdf/bumperbot_ros2_control.xacro
[0.394s] -- Installing: /home/mie/Documents/bumperbot_ws/src/install/bumperbot_description/share/bumperbot_description/urdf/bumperbot_gazebo.xacro
[0.394s] -- Installing: /home/mie/Documents/bumperbot_ws/src/install/bumperbot_description/share/bumperbot_description/launch
[0.394s] -- Installing: /home/mie/Documents/bumperbot_ws/src/install/bumperbot_description/share/bumperbot_description/launch/display.launch.py
[0.394s] -- Installing: /home/mie/Documents/bumperbot_ws/src/install/bumperbot_description/share/bumperbot_description/launch/gazebo.launch.py
[0.394s] -- Installing: /home/mie/Documents/bumperbot_ws/src/install/bumperbot_description/share/bumperbot_description/models
[0.394s] -- Installing: /home/mie/Documents/bumperbot_ws/src/install/bumperbot_description/share/bumperbot_description/models/sun
[0.394s] -- Installing: /home/mie/Documents/bumperbot_ws/src/install/bumperbot_description/share/bumperbot_description/models/sun/model-1_2.sdf
[0.394s] -- Installing: /home/mie/Documents/bumperbot_ws/src/install/bumperbot_description/share/bumperbot_description/models/sun/model-1_4.sdf
[0.394s] -- Installing: /home/mie/Documents/bumperbot_ws/src/install/bumperbot_description/share/bumperbot_description/models/sun/model.sdf
[0.394s] -- Installing: /home/mie/Documents/bumperbot_ws/src/install/bumperbot_description/share/bumperbot_description/models/sun/model-1_3.sdf
[0.394s] -- Installing: /home/mie/Documents/bumperbot_ws/src/install/bumperbot_description/share/bumperbot_description/models/sun/model.config
[0.394s] -- Installing: /home/mie/Documents/bumperbot_ws/src/install/bumperbot_description/share/bumperbot_description/models/ground_plane
[0.394s] -- Installing: /home/mie/Documents/bumperbot_ws/src/install/bumperbot_description/share/bumperbot_description/models/ground_plane/model-1_2.sdf
[0.395s] -- Installing: /home/mie/Documents/bumperbot_ws/src/install/bumperbot_description/share/bumperbot_description/models/ground_plane/model-1_4.sdf
[0.395s] -- Installing: /home/mie/Documents/bumperbot_ws/src/install/bumperbot_description/share/bumperbot_description/models/ground_plane/model.sdf
[0.395s] -- Installing: /home/mie/Documents/bumperbot_ws/src/install/bumperbot_description/share/bumperbot_description/models/ground_plane/model-1_3.sdf
[0.395s] -- Installing: /home/mie/Documents/bumperbot_ws/src/install/bumperbot_description/share/bumperbot_description/models/ground_plane/model.config
[0.395s] -- Installing: /home/mie/Documents/bumperbot_ws/src/install/bumperbot_description/share/bumperbot_description/rviz
[0.395s] -- Installing: /home/mie/Documents/bumperbot_ws/src/install/bumperbot_description/share/bumperbot_description/rviz/display.rviz
[0.395s] -- Installing: /home/mie/Documents/bumperbot_ws/src/install/bumperbot_description/share/ament_index/resource_index/package_run_dependencies/bumperbot_description
[0.395s] -- Installing: /home/mie/Documents/bumperbot_ws/src/install/bumperbot_description/share/ament_index/resource_index/parent_prefix_path/bumperbot_description
[0.395s] -- Installing: /home/mie/Documents/bumperbot_ws/src/install/bumperbot_description/share/bumperbot_description/environment/ament_prefix_path.sh
[0.395s] -- Installing: /home/mie/Documents/bumperbot_ws/src/install/bumperbot_description/share/bumperbot_description/environment/ament_prefix_path.dsv
[0.395s] -- Installing: /home/mie/Documents/bumperbot_ws/src/install/bumperbot_description/share/bumperbot_description/environment/path.sh
[0.395s] -- Installing: /home/mie/Documents/bumperbot_ws/src/install/bumperbot_description/share/bumperbot_description/environment/path.dsv
[0.395s] -- Installing: /home/mie/Documents/bumperbot_ws/src/install/bumperbot_description/share/bumperbot_description/local_setup.bash
[0.395s] -- Installing: /home/mie/Documents/bumperbot_ws/src/install/bumperbot_description/share/bumperbot_description/local_setup.sh
[0.395s] -- Installing: /home/mie/Documents/bumperbot_ws/src/install/bumperbot_description/share/bumperbot_description/local_setup.zsh
[0.395s] -- Installing: /home/mie/Documents/bumperbot_ws/src/install/bumperbot_description/share/bumperbot_description/local_setup.dsv
[0.395s] -- Installing: /home/mie/Documents/bumperbot_ws/src/install/bumperbot_description/share/bumperbot_description/package.dsv
[0.395s] -- Installing: /home/mie/Documents/bumperbot_ws/src/install/bumperbot_description/share/ament_index/resource_index/packages/bumperbot_description
[0.395s] -- Installing: /home/mie/Documents/bumperbot_ws/src/install/bumperbot_description/share/bumperbot_description/cmake/bumperbot_descriptionConfig.cmake
[0.395s] -- Installing: /home/mie/Documents/bumperbot_ws/src/install/bumperbot_description/share/bumperbot_description/cmake/bumperbot_descriptionConfig-version.cmake
[0.395s] -- Installing: /home/mie/Documents/bumperbot_ws/src/install/bumperbot_description/share/bumperbot_description/package.xml
[0.396s] Invoked command in '/home/mie/Documents/bumperbot_ws/src/build/bumperbot_description' returned '0': CMAKE_PREFIX_PATH=${CMAKE_PREFIX_PATH}:/home/mie/Documents/bumperbot_ws/install/bumperbot_py_examples:/opt/ros/humble /usr/bin/cmake --install /home/mie/Documents/bumperbot_ws/src/build/bumperbot_description
