[0.051s] DEBUG:colcon:Command line arguments: ['/usr/bin/colcon', 'build']
[0.051s] DEBUG:colcon:Parsed command line arguments: Namespace(log_base=None, log_level=None, verb_name='build', build_base='build', install_base='install', merge_install=False, symlink_install=False, test_result_base=None, continue_on_error=False, executor='parallel', parallel_workers=24, event_handlers=None, ignore_user_meta=False, metas=['./colcon.meta'], base_paths=['.'], packages_ignore=None, packages_ignore_regex=None, paths=None, packages_up_to=None, packages_up_to_regex=None, packages_above=None, packages_above_and_dependencies=None, packages_above_depth=None, packages_select_by_dep=None, packages_skip_by_dep=None, packages_skip_up_to=None, packages_select_build_failed=False, packages_skip_build_finished=False, packages_select_test_failures=False, packages_skip_test_passed=False, packages_select=None, packages_skip=None, packages_select_regex=None, packages_skip_regex=None, packages_start=None, packages_end=None, allow_overriding=[], cmake_args=None, cmake_target=None, cmake_target_skip_unavailable=False, cmake_clean_cache=False, cmake_clean_first=False, cmake_force_configure=False, ament_cmake_args=None, catkin_cmake_args=None, catkin_skip_building_tests=False, mixin_files=None, mixin=None, verb_parser=<colcon_mixin.mixin.mixin_argument.MixinArgumentDecorator object at 0x771e3c346ef0>, verb_extension=<colcon_core.verb.build.BuildVerb object at 0x771e3c44b550>, main=<bound method BuildVerb.main of <colcon_core.verb.build.BuildVerb object at 0x771e3c44b550>>, mixin_verb=('build',))
[0.126s] Level 1:colcon.colcon_core.package_discovery:discover_packages(colcon_meta) check parameters
[0.126s] Level 1:colcon.colcon_core.package_discovery:discover_packages(recursive) check parameters
[0.126s] Level 1:colcon.colcon_core.package_discovery:discover_packages(ignore) check parameters
[0.126s] Level 1:colcon.colcon_core.package_discovery:discover_packages(path) check parameters
[0.126s] Level 1:colcon.colcon_core.package_discovery:discover_packages(colcon_meta) discover
[0.126s] Level 1:colcon.colcon_core.package_discovery:discover_packages(recursive) discover
[0.126s] INFO:colcon.colcon_core.package_discovery:Crawling recursively for packages in '/home/mie/Documents/bumperbot_ws/src'
[0.126s] Level 1:colcon.colcon_core.package_identification:_identify(.) by extensions ['ignore', 'ignore_ament_install']
[0.126s] Level 1:colcon.colcon_core.package_identification:_identify(.) by extension 'ignore'
[0.126s] Level 1:colcon.colcon_core.package_identification:_identify(.) by extension 'ignore_ament_install'
[0.126s] Level 1:colcon.colcon_core.package_identification:_identify(.) by extensions ['colcon_pkg']
[0.126s] Level 1:colcon.colcon_core.package_identification:_identify(.) by extension 'colcon_pkg'
[0.126s] Level 1:colcon.colcon_core.package_identification:_identify(.) by extensions ['colcon_meta']
[0.126s] Level 1:colcon.colcon_core.package_identification:_identify(.) by extension 'colcon_meta'
[0.126s] Level 1:colcon.colcon_core.package_identification:_identify(.) by extensions ['ros']
[0.126s] Level 1:colcon.colcon_core.package_identification:_identify(.) by extension 'ros'
[0.132s] Level 1:colcon.colcon_core.package_identification:_identify(.) by extensions ['cmake', 'python']
[0.132s] Level 1:colcon.colcon_core.package_identification:_identify(.) by extension 'cmake'
[0.132s] Level 1:colcon.colcon_core.package_identification:_identify(.) by extension 'python'
[0.132s] Level 1:colcon.colcon_core.package_identification:_identify(.) by extensions ['python_setup_py']
[0.132s] Level 1:colcon.colcon_core.package_identification:_identify(.) by extension 'python_setup_py'
[0.132s] Level 1:colcon.colcon_core.package_identification:_identify(build) by extensions ['ignore', 'ignore_ament_install']
[0.132s] Level 1:colcon.colcon_core.package_identification:_identify(build) by extension 'ignore'
[0.132s] Level 1:colcon.colcon_core.package_identification:_identify(build) ignored
[0.132s] Level 1:colcon.colcon_core.package_identification:_identify(bumperbot_controller) by extensions ['ignore', 'ignore_ament_install']
[0.132s] Level 1:colcon.colcon_core.package_identification:_identify(bumperbot_controller) by extension 'ignore'
[0.132s] Level 1:colcon.colcon_core.package_identification:_identify(bumperbot_controller) by extension 'ignore_ament_install'
[0.132s] Level 1:colcon.colcon_core.package_identification:_identify(bumperbot_controller) by extensions ['colcon_pkg']
[0.132s] Level 1:colcon.colcon_core.package_identification:_identify(bumperbot_controller) by extension 'colcon_pkg'
[0.132s] Level 1:colcon.colcon_core.package_identification:_identify(bumperbot_controller) by extensions ['colcon_meta']
[0.132s] Level 1:colcon.colcon_core.package_identification:_identify(bumperbot_controller) by extension 'colcon_meta'
[0.132s] Level 1:colcon.colcon_core.package_identification:_identify(bumperbot_controller) by extensions ['ros']
[0.132s] Level 1:colcon.colcon_core.package_identification:_identify(bumperbot_controller) by extension 'ros'
[0.134s] DEBUG:colcon.colcon_core.package_identification:Package 'bumperbot_controller' with type 'ros.ament_cmake' and name 'bumperbot_controller'
[0.134s] Level 1:colcon.colcon_core.package_identification:_identify(bumperbot_cpp_examples) by extensions ['ignore', 'ignore_ament_install']
[0.134s] Level 1:colcon.colcon_core.package_identification:_identify(bumperbot_cpp_examples) by extension 'ignore'
[0.134s] Level 1:colcon.colcon_core.package_identification:_identify(bumperbot_cpp_examples) by extension 'ignore_ament_install'
[0.134s] Level 1:colcon.colcon_core.package_identification:_identify(bumperbot_cpp_examples) by extensions ['colcon_pkg']
[0.134s] Level 1:colcon.colcon_core.package_identification:_identify(bumperbot_cpp_examples) by extension 'colcon_pkg'
[0.134s] Level 1:colcon.colcon_core.package_identification:_identify(bumperbot_cpp_examples) by extensions ['colcon_meta']
[0.134s] Level 1:colcon.colcon_core.package_identification:_identify(bumperbot_cpp_examples) by extension 'colcon_meta'
[0.134s] Level 1:colcon.colcon_core.package_identification:_identify(bumperbot_cpp_examples) by extensions ['ros']
[0.134s] Level 1:colcon.colcon_core.package_identification:_identify(bumperbot_cpp_examples) by extension 'ros'
[0.134s] DEBUG:colcon.colcon_core.package_identification:Package 'bumperbot_cpp_examples' with type 'ros.ament_cmake' and name 'bumperbot_cpp_examples'
[0.134s] Level 1:colcon.colcon_core.package_identification:_identify(bumperbot_description) by extensions ['ignore', 'ignore_ament_install']
[0.134s] Level 1:colcon.colcon_core.package_identification:_identify(bumperbot_description) by extension 'ignore'
[0.134s] Level 1:colcon.colcon_core.package_identification:_identify(bumperbot_description) by extension 'ignore_ament_install'
[0.134s] Level 1:colcon.colcon_core.package_identification:_identify(bumperbot_description) by extensions ['colcon_pkg']
[0.134s] Level 1:colcon.colcon_core.package_identification:_identify(bumperbot_description) by extension 'colcon_pkg'
[0.134s] Level 1:colcon.colcon_core.package_identification:_identify(bumperbot_description) by extensions ['colcon_meta']
[0.135s] Level 1:colcon.colcon_core.package_identification:_identify(bumperbot_description) by extension 'colcon_meta'
[0.135s] Level 1:colcon.colcon_core.package_identification:_identify(bumperbot_description) by extensions ['ros']
[0.135s] Level 1:colcon.colcon_core.package_identification:_identify(bumperbot_description) by extension 'ros'
[0.135s] DEBUG:colcon.colcon_core.package_identification:Package 'bumperbot_description' with type 'ros.ament_cmake' and name 'bumperbot_description'
[0.135s] Level 1:colcon.colcon_core.package_identification:_identify(bumperbot_py_examples) by extensions ['ignore', 'ignore_ament_install']
[0.135s] Level 1:colcon.colcon_core.package_identification:_identify(bumperbot_py_examples) by extension 'ignore'
[0.135s] Level 1:colcon.colcon_core.package_identification:_identify(bumperbot_py_examples) by extension 'ignore_ament_install'
[0.135s] Level 1:colcon.colcon_core.package_identification:_identify(bumperbot_py_examples) by extensions ['colcon_pkg']
[0.135s] Level 1:colcon.colcon_core.package_identification:_identify(bumperbot_py_examples) by extension 'colcon_pkg'
[0.135s] Level 1:colcon.colcon_core.package_identification:_identify(bumperbot_py_examples) by extensions ['colcon_meta']
[0.135s] Level 1:colcon.colcon_core.package_identification:_identify(bumperbot_py_examples) by extension 'colcon_meta'
[0.135s] Level 1:colcon.colcon_core.package_identification:_identify(bumperbot_py_examples) by extensions ['ros']
[0.135s] Level 1:colcon.colcon_core.package_identification:_identify(bumperbot_py_examples) by extension 'ros'
[0.135s] DEBUG:colcon.colcon_core.package_identification:Package 'bumperbot_py_examples' with type 'ros.ament_python' and name 'bumperbot_py_examples'
[0.135s] Level 1:colcon.colcon_core.package_identification:_identify(install) by extensions ['ignore', 'ignore_ament_install']
[0.135s] Level 1:colcon.colcon_core.package_identification:_identify(install) by extension 'ignore'
[0.135s] Level 1:colcon.colcon_core.package_identification:_identify(install) ignored
[0.135s] Level 1:colcon.colcon_core.package_identification:_identify(log) by extensions ['ignore', 'ignore_ament_install']
[0.135s] Level 1:colcon.colcon_core.package_identification:_identify(log) by extension 'ignore'
[0.136s] Level 1:colcon.colcon_core.package_identification:_identify(log) ignored
[0.136s] Level 1:colcon.colcon_core.package_discovery:discover_packages(recursive) using defaults
[0.136s] Level 1:colcon.colcon_core.package_discovery:discover_packages(ignore) discover
[0.136s] Level 1:colcon.colcon_core.package_discovery:discover_packages(ignore) using defaults
[0.136s] Level 1:colcon.colcon_core.package_discovery:discover_packages(path) discover
[0.136s] Level 1:colcon.colcon_core.package_discovery:discover_packages(path) using defaults
[0.147s] Level 1:colcon.colcon_core.package_discovery:discover_packages(prefix_path) check parameters
[0.148s] Level 1:colcon.colcon_core.package_discovery:discover_packages(prefix_path) discover
[0.149s] DEBUG:colcon.colcon_installed_package_information.package_discovery:Found 4 installed packages in /home/mie/Documents/bumperbot_ws/install
[0.149s] DEBUG:colcon.colcon_installed_package_information.package_discovery:Found 391 installed packages in /opt/ros/humble
[0.150s] Level 1:colcon.colcon_core.package_discovery:discover_packages(prefix_path) using defaults
[0.178s] Level 5:colcon.colcon_core.verb:set package 'bumperbot_controller' build argument 'cmake_args' from command line to 'None'
[0.178s] Level 5:colcon.colcon_core.verb:set package 'bumperbot_controller' build argument 'cmake_target' from command line to 'None'
[0.178s] Level 5:colcon.colcon_core.verb:set package 'bumperbot_controller' build argument 'cmake_target_skip_unavailable' from command line to 'False'
[0.178s] Level 5:colcon.colcon_core.verb:set package 'bumperbot_controller' build argument 'cmake_clean_cache' from command line to 'False'
[0.178s] Level 5:colcon.colcon_core.verb:set package 'bumperbot_controller' build argument 'cmake_clean_first' from command line to 'False'
[0.178s] Level 5:colcon.colcon_core.verb:set package 'bumperbot_controller' build argument 'cmake_force_configure' from command line to 'False'
[0.178s] Level 5:colcon.colcon_core.verb:set package 'bumperbot_controller' build argument 'ament_cmake_args' from command line to 'None'
[0.178s] Level 5:colcon.colcon_core.verb:set package 'bumperbot_controller' build argument 'catkin_cmake_args' from command line to 'None'
[0.178s] Level 5:colcon.colcon_core.verb:set package 'bumperbot_controller' build argument 'catkin_skip_building_tests' from command line to 'False'
[0.178s] DEBUG:colcon.colcon_core.verb:Building package 'bumperbot_controller' with the following arguments: {'ament_cmake_args': None, 'build_base': '/home/mie/Documents/bumperbot_ws/src/build/bumperbot_controller', 'catkin_cmake_args': None, 'catkin_skip_building_tests': False, 'cmake_args': None, 'cmake_clean_cache': False, 'cmake_clean_first': False, 'cmake_force_configure': False, 'cmake_target': None, 'cmake_target_skip_unavailable': False, 'install_base': '/home/mie/Documents/bumperbot_ws/src/install/bumperbot_controller', 'merge_install': False, 'path': '/home/mie/Documents/bumperbot_ws/src/bumperbot_controller', 'symlink_install': False, 'test_result_base': None}
[0.178s] Level 5:colcon.colcon_core.verb:set package 'bumperbot_cpp_examples' build argument 'cmake_args' from command line to 'None'
[0.178s] Level 5:colcon.colcon_core.verb:set package 'bumperbot_cpp_examples' build argument 'cmake_target' from command line to 'None'
[0.178s] Level 5:colcon.colcon_core.verb:set package 'bumperbot_cpp_examples' build argument 'cmake_target_skip_unavailable' from command line to 'False'
[0.178s] Level 5:colcon.colcon_core.verb:set package 'bumperbot_cpp_examples' build argument 'cmake_clean_cache' from command line to 'False'
[0.178s] Level 5:colcon.colcon_core.verb:set package 'bumperbot_cpp_examples' build argument 'cmake_clean_first' from command line to 'False'
[0.178s] Level 5:colcon.colcon_core.verb:set package 'bumperbot_cpp_examples' build argument 'cmake_force_configure' from command line to 'False'
[0.178s] Level 5:colcon.colcon_core.verb:set package 'bumperbot_cpp_examples' build argument 'ament_cmake_args' from command line to 'None'
[0.178s] Level 5:colcon.colcon_core.verb:set package 'bumperbot_cpp_examples' build argument 'catkin_cmake_args' from command line to 'None'
[0.178s] Level 5:colcon.colcon_core.verb:set package 'bumperbot_cpp_examples' build argument 'catkin_skip_building_tests' from command line to 'False'
[0.178s] DEBUG:colcon.colcon_core.verb:Building package 'bumperbot_cpp_examples' with the following arguments: {'ament_cmake_args': None, 'build_base': '/home/mie/Documents/bumperbot_ws/src/build/bumperbot_cpp_examples', 'catkin_cmake_args': None, 'catkin_skip_building_tests': False, 'cmake_args': None, 'cmake_clean_cache': False, 'cmake_clean_first': False, 'cmake_force_configure': False, 'cmake_target': None, 'cmake_target_skip_unavailable': False, 'install_base': '/home/mie/Documents/bumperbot_ws/src/install/bumperbot_cpp_examples', 'merge_install': False, 'path': '/home/mie/Documents/bumperbot_ws/src/bumperbot_cpp_examples', 'symlink_install': False, 'test_result_base': None}
[0.178s] Level 5:colcon.colcon_core.verb:set package 'bumperbot_description' build argument 'cmake_args' from command line to 'None'
[0.178s] Level 5:colcon.colcon_core.verb:set package 'bumperbot_description' build argument 'cmake_target' from command line to 'None'
[0.179s] Level 5:colcon.colcon_core.verb:set package 'bumperbot_description' build argument 'cmake_target_skip_unavailable' from command line to 'False'
[0.179s] Level 5:colcon.colcon_core.verb:set package 'bumperbot_description' build argument 'cmake_clean_cache' from command line to 'False'
[0.179s] Level 5:colcon.colcon_core.verb:set package 'bumperbot_description' build argument 'cmake_clean_first' from command line to 'False'
[0.179s] Level 5:colcon.colcon_core.verb:set package 'bumperbot_description' build argument 'cmake_force_configure' from command line to 'False'
[0.179s] Level 5:colcon.colcon_core.verb:set package 'bumperbot_description' build argument 'ament_cmake_args' from command line to 'None'
[0.179s] Level 5:colcon.colcon_core.verb:set package 'bumperbot_description' build argument 'catkin_cmake_args' from command line to 'None'
[0.179s] Level 5:colcon.colcon_core.verb:set package 'bumperbot_description' build argument 'catkin_skip_building_tests' from command line to 'False'
[0.179s] DEBUG:colcon.colcon_core.verb:Building package 'bumperbot_description' with the following arguments: {'ament_cmake_args': None, 'build_base': '/home/mie/Documents/bumperbot_ws/src/build/bumperbot_description', 'catkin_cmake_args': None, 'catkin_skip_building_tests': False, 'cmake_args': None, 'cmake_clean_cache': False, 'cmake_clean_first': False, 'cmake_force_configure': False, 'cmake_target': None, 'cmake_target_skip_unavailable': False, 'install_base': '/home/mie/Documents/bumperbot_ws/src/install/bumperbot_description', 'merge_install': False, 'path': '/home/mie/Documents/bumperbot_ws/src/bumperbot_description', 'symlink_install': False, 'test_result_base': None}
[0.179s] Level 5:colcon.colcon_core.verb:set package 'bumperbot_py_examples' build argument 'cmake_args' from command line to 'None'
[0.179s] Level 5:colcon.colcon_core.verb:set package 'bumperbot_py_examples' build argument 'cmake_target' from command line to 'None'
[0.179s] Level 5:colcon.colcon_core.verb:set package 'bumperbot_py_examples' build argument 'cmake_target_skip_unavailable' from command line to 'False'
[0.179s] Level 5:colcon.colcon_core.verb:set package 'bumperbot_py_examples' build argument 'cmake_clean_cache' from command line to 'False'
[0.179s] Level 5:colcon.colcon_core.verb:set package 'bumperbot_py_examples' build argument 'cmake_clean_first' from command line to 'False'
[0.179s] Level 5:colcon.colcon_core.verb:set package 'bumperbot_py_examples' build argument 'cmake_force_configure' from command line to 'False'
[0.179s] Level 5:colcon.colcon_core.verb:set package 'bumperbot_py_examples' build argument 'ament_cmake_args' from command line to 'None'
[0.179s] Level 5:colcon.colcon_core.verb:set package 'bumperbot_py_examples' build argument 'catkin_cmake_args' from command line to 'None'
[0.179s] Level 5:colcon.colcon_core.verb:set package 'bumperbot_py_examples' build argument 'catkin_skip_building_tests' from command line to 'False'
[0.179s] DEBUG:colcon.colcon_core.verb:Building package 'bumperbot_py_examples' with the following arguments: {'ament_cmake_args': None, 'build_base': '/home/mie/Documents/bumperbot_ws/src/build/bumperbot_py_examples', 'catkin_cmake_args': None, 'catkin_skip_building_tests': False, 'cmake_args': None, 'cmake_clean_cache': False, 'cmake_clean_first': False, 'cmake_force_configure': False, 'cmake_target': None, 'cmake_target_skip_unavailable': False, 'install_base': '/home/mie/Documents/bumperbot_ws/src/install/bumperbot_py_examples', 'merge_install': False, 'path': '/home/mie/Documents/bumperbot_ws/src/bumperbot_py_examples', 'symlink_install': False, 'test_result_base': None}
[0.179s] INFO:colcon.colcon_core.executor:Executing jobs using 'parallel' executor
[0.180s] DEBUG:colcon.colcon_parallel_executor.executor.parallel:run_until_complete
[0.180s] INFO:colcon.colcon_ros.task.ament_cmake.build:Building ROS package in '/home/mie/Documents/bumperbot_ws/src/bumperbot_controller' with build type 'ament_cmake'
[0.180s] INFO:colcon.colcon_cmake.task.cmake.build:Building CMake package in '/home/mie/Documents/bumperbot_ws/src/bumperbot_controller'
[0.181s] INFO:colcon.colcon_core.plugin_system:Skipping extension 'colcon_core.shell.bat': Not used on non-Windows systems
[0.181s] INFO:colcon.colcon_core.shell:Skip shell extension 'powershell' for command environment: Not usable outside of PowerShell
[0.181s] DEBUG:colcon.colcon_core.shell:Skip shell extension 'dsv' for command environment
[0.183s] INFO:colcon.colcon_ros.task.ament_cmake.build:Building ROS package in '/home/mie/Documents/bumperbot_ws/src/bumperbot_cpp_examples' with build type 'ament_cmake'
[0.183s] INFO:colcon.colcon_cmake.task.cmake.build:Building CMake package in '/home/mie/Documents/bumperbot_ws/src/bumperbot_cpp_examples'
[0.183s] INFO:colcon.colcon_core.shell:Skip shell extension 'powershell' for command environment: Not usable outside of PowerShell
[0.183s] DEBUG:colcon.colcon_core.shell:Skip shell extension 'dsv' for command environment
[0.184s] INFO:colcon.colcon_ros.task.ament_cmake.build:Building ROS package in '/home/mie/Documents/bumperbot_ws/src/bumperbot_description' with build type 'ament_cmake'
[0.184s] INFO:colcon.colcon_cmake.task.cmake.build:Building CMake package in '/home/mie/Documents/bumperbot_ws/src/bumperbot_description'
[0.185s] INFO:colcon.colcon_core.shell:Skip shell extension 'powershell' for command environment: Not usable outside of PowerShell
[0.185s] DEBUG:colcon.colcon_core.shell:Skip shell extension 'dsv' for command environment
[0.186s] INFO:colcon.colcon_ros.task.ament_python.build:Building ROS package in '/home/mie/Documents/bumperbot_ws/src/bumperbot_py_examples' with build type 'ament_python'
[0.186s] Level 1:colcon.colcon_core.shell:create_environment_hook('bumperbot_py_examples', 'ament_prefix_path')
[0.186s] INFO:colcon.colcon_core.shell:Creating environment hook '/home/mie/Documents/bumperbot_ws/src/install/bumperbot_py_examples/share/bumperbot_py_examples/hook/ament_prefix_path.ps1'
[0.187s] INFO:colcon.colcon_core.shell:Creating environment descriptor '/home/mie/Documents/bumperbot_ws/src/install/bumperbot_py_examples/share/bumperbot_py_examples/hook/ament_prefix_path.dsv'
[0.187s] INFO:colcon.colcon_core.shell:Creating environment hook '/home/mie/Documents/bumperbot_ws/src/install/bumperbot_py_examples/share/bumperbot_py_examples/hook/ament_prefix_path.sh'
[0.187s] INFO:colcon.colcon_core.shell:Skip shell extension 'powershell' for command environment: Not usable outside of PowerShell
[0.187s] DEBUG:colcon.colcon_core.shell:Skip shell extension 'dsv' for command environment
[0.190s] DEBUG:colcon.colcon_core.event_handler.log_command:Invoking command in '/home/mie/Documents/bumperbot_ws/src/build/bumperbot_controller': CMAKE_PREFIX_PATH=${CMAKE_PREFIX_PATH}:/home/mie/Documents/bumperbot_ws/install/bumperbot_py_examples:/opt/ros/humble /usr/bin/cmake /home/mie/Documents/bumperbot_ws/src/bumperbot_controller -DCMAKE_INSTALL_PREFIX=/home/mie/Documents/bumperbot_ws/src/install/bumperbot_controller
[0.192s] DEBUG:colcon.colcon_core.event_handler.log_command:Invoking command in '/home/mie/Documents/bumperbot_ws/src/build/bumperbot_cpp_examples': CMAKE_PREFIX_PATH=${CMAKE_PREFIX_PATH}:/home/mie/Documents/bumperbot_ws/install/bumperbot_py_examples:/opt/ros/humble /usr/bin/cmake /home/mie/Documents/bumperbot_ws/src/bumperbot_cpp_examples -DCMAKE_INSTALL_PREFIX=/home/mie/Documents/bumperbot_ws/src/install/bumperbot_cpp_examples
[0.193s] DEBUG:colcon.colcon_core.event_handler.log_command:Invoking command in '/home/mie/Documents/bumperbot_ws/src/build/bumperbot_description': CMAKE_PREFIX_PATH=${CMAKE_PREFIX_PATH}:/home/mie/Documents/bumperbot_ws/install/bumperbot_py_examples:/opt/ros/humble /usr/bin/cmake /home/mie/Documents/bumperbot_ws/src/bumperbot_description -DCMAKE_INSTALL_PREFIX=/home/mie/Documents/bumperbot_ws/src/install/bumperbot_description
[0.329s] INFO:colcon.colcon_core.task.python.build:Building Python package in '/home/mie/Documents/bumperbot_ws/src/bumperbot_py_examples'
[0.330s] INFO:colcon.colcon_core.shell:Skip shell extension 'powershell' for command environment: Not usable outside of PowerShell
[0.330s] DEBUG:colcon.colcon_core.shell:Skip shell extension 'dsv' for command environment
[0.521s] DEBUG:colcon.colcon_core.event_handler.log_command:Invoking command in '/home/mie/Documents/bumperbot_ws/src/bumperbot_py_examples': PYTHONPATH=/home/mie/Documents/bumperbot_ws/src/build/bumperbot_py_examples/prefix_override:/usr/lib/python3/dist-packages/colcon_core/task/python/colcon_distutils_commands:/home/mie/Documents/bumperbot_ws/src/install/bumperbot_py_examples/lib/python3.10/site-packages:${PYTHONPATH} /usr/bin/python3 -W ignore:setup.py install is deprecated setup.py egg_info --egg-base ../build/bumperbot_py_examples build --build-base /home/mie/Documents/bumperbot_ws/src/build/bumperbot_py_examples/build install --record /home/mie/Documents/bumperbot_ws/src/build/bumperbot_py_examples/install.log --single-version-externally-managed install_data
[0.532s] DEBUG:colcon.colcon_core.event_handler.log_command:Invoked command in '/home/mie/Documents/bumperbot_ws/src/build/bumperbot_description' returned '0': CMAKE_PREFIX_PATH=${CMAKE_PREFIX_PATH}:/home/mie/Documents/bumperbot_ws/install/bumperbot_py_examples:/opt/ros/humble /usr/bin/cmake /home/mie/Documents/bumperbot_ws/src/bumperbot_description -DCMAKE_INSTALL_PREFIX=/home/mie/Documents/bumperbot_ws/src/install/bumperbot_description
[0.533s] DEBUG:colcon.colcon_core.event_handler.log_command:Invoking command in '/home/mie/Documents/bumperbot_ws/src/build/bumperbot_description': CMAKE_PREFIX_PATH=${CMAKE_PREFIX_PATH}:/home/mie/Documents/bumperbot_ws/install/bumperbot_py_examples:/opt/ros/humble /usr/bin/cmake --build /home/mie/Documents/bumperbot_ws/src/build/bumperbot_description -- -j24 -l24
[0.552s] DEBUG:colcon.colcon_core.event_handler.log_command:Invoked command in '/home/mie/Documents/bumperbot_ws/src/build/bumperbot_description' returned '0': CMAKE_PREFIX_PATH=${CMAKE_PREFIX_PATH}:/home/mie/Documents/bumperbot_ws/install/bumperbot_py_examples:/opt/ros/humble /usr/bin/cmake --build /home/mie/Documents/bumperbot_ws/src/build/bumperbot_description -- -j24 -l24
[0.566s] DEBUG:colcon.colcon_core.event_handler.log_command:Invoking command in '/home/mie/Documents/bumperbot_ws/src/build/bumperbot_description': CMAKE_PREFIX_PATH=${CMAKE_PREFIX_PATH}:/home/mie/Documents/bumperbot_ws/install/bumperbot_py_examples:/opt/ros/humble /usr/bin/cmake --install /home/mie/Documents/bumperbot_ws/src/build/bumperbot_description
[0.580s] Level 1:colcon.colcon_core.environment:create_environment_scripts_only(bumperbot_description)
[0.581s] DEBUG:colcon.colcon_core.event_handler.log_command:Invoked command in '/home/mie/Documents/bumperbot_ws/src/build/bumperbot_description' returned '0': CMAKE_PREFIX_PATH=${CMAKE_PREFIX_PATH}:/home/mie/Documents/bumperbot_ws/install/bumperbot_py_examples:/opt/ros/humble /usr/bin/cmake --install /home/mie/Documents/bumperbot_ws/src/build/bumperbot_description
[0.582s] Level 1:colcon.colcon_core.environment:checking '/home/mie/Documents/bumperbot_ws/src/install/bumperbot_description' for CMake module files
[0.582s] Level 1:colcon.colcon_core.environment:checking '/home/mie/Documents/bumperbot_ws/src/install/bumperbot_description' for CMake config files
[0.582s] Level 1:colcon.colcon_core.shell:create_environment_hook('bumperbot_description', 'cmake_prefix_path')
[0.582s] INFO:colcon.colcon_core.shell:Creating environment hook '/home/mie/Documents/bumperbot_ws/src/install/bumperbot_description/share/bumperbot_description/hook/cmake_prefix_path.ps1'
[0.582s] INFO:colcon.colcon_core.shell:Creating environment descriptor '/home/mie/Documents/bumperbot_ws/src/install/bumperbot_description/share/bumperbot_description/hook/cmake_prefix_path.dsv'
[0.583s] INFO:colcon.colcon_core.shell:Creating environment hook '/home/mie/Documents/bumperbot_ws/src/install/bumperbot_description/share/bumperbot_description/hook/cmake_prefix_path.sh'
[0.583s] Level 1:colcon.colcon_core.environment:checking '/home/mie/Documents/bumperbot_ws/src/install/bumperbot_description/bin'
[0.583s] Level 1:colcon.colcon_core.environment:checking '/home/mie/Documents/bumperbot_ws/src/install/bumperbot_description/lib/pkgconfig/bumperbot_description.pc'
[0.583s] Level 1:colcon.colcon_core.environment:checking '/home/mie/Documents/bumperbot_ws/src/install/bumperbot_description/lib/python3.10/site-packages'
[0.583s] Level 1:colcon.colcon_core.environment:checking '/home/mie/Documents/bumperbot_ws/src/install/bumperbot_description/bin'
[0.583s] INFO:colcon.colcon_core.shell:Creating package script '/home/mie/Documents/bumperbot_ws/src/install/bumperbot_description/share/bumperbot_description/package.ps1'
[0.584s] INFO:colcon.colcon_core.shell:Creating package descriptor '/home/mie/Documents/bumperbot_ws/src/install/bumperbot_description/share/bumperbot_description/package.dsv'
[0.584s] INFO:colcon.colcon_core.shell:Creating package script '/home/mie/Documents/bumperbot_ws/src/install/bumperbot_description/share/bumperbot_description/package.sh'
[0.584s] INFO:colcon.colcon_core.shell:Creating package script '/home/mie/Documents/bumperbot_ws/src/install/bumperbot_description/share/bumperbot_description/package.bash'
[0.584s] INFO:colcon.colcon_core.shell:Creating package script '/home/mie/Documents/bumperbot_ws/src/install/bumperbot_description/share/bumperbot_description/package.zsh'
[0.585s] Level 1:colcon.colcon_core.environment:create_file_with_runtime_dependencies(/home/mie/Documents/bumperbot_ws/src/install/bumperbot_description/share/colcon-core/packages/bumperbot_description)
[0.594s] Level 1:colcon.colcon_core.environment:create_environment_scripts_only(bumperbot_description)
[0.595s] Level 1:colcon.colcon_core.environment:checking '/home/mie/Documents/bumperbot_ws/src/install/bumperbot_description' for CMake module files
[0.595s] Level 1:colcon.colcon_core.environment:checking '/home/mie/Documents/bumperbot_ws/src/install/bumperbot_description' for CMake config files
[0.595s] Level 1:colcon.colcon_core.shell:create_environment_hook('bumperbot_description', 'cmake_prefix_path')
[0.595s] INFO:colcon.colcon_core.shell:Creating environment hook '/home/mie/Documents/bumperbot_ws/src/install/bumperbot_description/share/bumperbot_description/hook/cmake_prefix_path.ps1'
[0.595s] INFO:colcon.colcon_core.shell:Creating environment descriptor '/home/mie/Documents/bumperbot_ws/src/install/bumperbot_description/share/bumperbot_description/hook/cmake_prefix_path.dsv'
[0.595s] INFO:colcon.colcon_core.shell:Creating environment hook '/home/mie/Documents/bumperbot_ws/src/install/bumperbot_description/share/bumperbot_description/hook/cmake_prefix_path.sh'
[0.596s] Level 1:colcon.colcon_core.environment:checking '/home/mie/Documents/bumperbot_ws/src/install/bumperbot_description/bin'
[0.596s] Level 1:colcon.colcon_core.environment:checking '/home/mie/Documents/bumperbot_ws/src/install/bumperbot_description/lib/pkgconfig/bumperbot_description.pc'
[0.596s] Level 1:colcon.colcon_core.environment:checking '/home/mie/Documents/bumperbot_ws/src/install/bumperbot_description/lib/python3.10/site-packages'
[0.596s] Level 1:colcon.colcon_core.environment:checking '/home/mie/Documents/bumperbot_ws/src/install/bumperbot_description/bin'
[0.596s] INFO:colcon.colcon_core.shell:Creating package script '/home/mie/Documents/bumperbot_ws/src/install/bumperbot_description/share/bumperbot_description/package.ps1'
[0.596s] INFO:colcon.colcon_core.shell:Creating package descriptor '/home/mie/Documents/bumperbot_ws/src/install/bumperbot_description/share/bumperbot_description/package.dsv'
[0.596s] INFO:colcon.colcon_core.shell:Creating package script '/home/mie/Documents/bumperbot_ws/src/install/bumperbot_description/share/bumperbot_description/package.sh'
[0.597s] INFO:colcon.colcon_core.shell:Creating package script '/home/mie/Documents/bumperbot_ws/src/install/bumperbot_description/share/bumperbot_description/package.bash'
[0.597s] INFO:colcon.colcon_core.shell:Creating package script '/home/mie/Documents/bumperbot_ws/src/install/bumperbot_description/share/bumperbot_description/package.zsh'
[0.597s] Level 1:colcon.colcon_core.environment:create_file_with_runtime_dependencies(/home/mie/Documents/bumperbot_ws/src/install/bumperbot_description/share/colcon-core/packages/bumperbot_description)
[0.674s] Level 1:colcon.colcon_core.environment:checking '/home/mie/Documents/bumperbot_ws/src/install/bumperbot_py_examples' for CMake module files
[0.674s] DEBUG:colcon.colcon_core.event_handler.log_command:Invoked command in '/home/mie/Documents/bumperbot_ws/src/bumperbot_py_examples' returned '0': PYTHONPATH=/home/mie/Documents/bumperbot_ws/src/build/bumperbot_py_examples/prefix_override:/usr/lib/python3/dist-packages/colcon_core/task/python/colcon_distutils_commands:/home/mie/Documents/bumperbot_ws/src/install/bumperbot_py_examples/lib/python3.10/site-packages:${PYTHONPATH} /usr/bin/python3 -W ignore:setup.py install is deprecated setup.py egg_info --egg-base ../build/bumperbot_py_examples build --build-base /home/mie/Documents/bumperbot_ws/src/build/bumperbot_py_examples/build install --record /home/mie/Documents/bumperbot_ws/src/build/bumperbot_py_examples/install.log --single-version-externally-managed install_data
[0.674s] Level 1:colcon.colcon_core.environment:checking '/home/mie/Documents/bumperbot_ws/src/install/bumperbot_py_examples' for CMake config files
[0.675s] Level 1:colcon.colcon_core.environment:checking '/home/mie/Documents/bumperbot_ws/src/install/bumperbot_py_examples/lib'
[0.675s] Level 1:colcon.colcon_core.environment:checking '/home/mie/Documents/bumperbot_ws/src/install/bumperbot_py_examples/bin'
[0.675s] Level 1:colcon.colcon_core.environment:checking '/home/mie/Documents/bumperbot_ws/src/install/bumperbot_py_examples/lib/pkgconfig/bumperbot_py_examples.pc'
[0.675s] Level 1:colcon.colcon_core.environment:checking '/home/mie/Documents/bumperbot_ws/src/install/bumperbot_py_examples/lib/python3.10/site-packages'
[0.675s] Level 1:colcon.colcon_core.shell:create_environment_hook('bumperbot_py_examples', 'pythonpath')
[0.675s] INFO:colcon.colcon_core.shell:Creating environment hook '/home/mie/Documents/bumperbot_ws/src/install/bumperbot_py_examples/share/bumperbot_py_examples/hook/pythonpath.ps1'
[0.675s] INFO:colcon.colcon_core.shell:Creating environment descriptor '/home/mie/Documents/bumperbot_ws/src/install/bumperbot_py_examples/share/bumperbot_py_examples/hook/pythonpath.dsv'
[0.675s] INFO:colcon.colcon_core.shell:Creating environment hook '/home/mie/Documents/bumperbot_ws/src/install/bumperbot_py_examples/share/bumperbot_py_examples/hook/pythonpath.sh'
[0.676s] Level 1:colcon.colcon_core.environment:checking '/home/mie/Documents/bumperbot_ws/src/install/bumperbot_py_examples/bin'
[0.676s] Level 1:colcon.colcon_core.environment:create_environment_scripts_only(bumperbot_py_examples)
[0.676s] INFO:colcon.colcon_core.shell:Creating package script '/home/mie/Documents/bumperbot_ws/src/install/bumperbot_py_examples/share/bumperbot_py_examples/package.ps1'
[0.676s] INFO:colcon.colcon_core.shell:Creating package descriptor '/home/mie/Documents/bumperbot_ws/src/install/bumperbot_py_examples/share/bumperbot_py_examples/package.dsv'
[0.676s] INFO:colcon.colcon_core.shell:Creating package script '/home/mie/Documents/bumperbot_ws/src/install/bumperbot_py_examples/share/bumperbot_py_examples/package.sh'
[0.676s] INFO:colcon.colcon_core.shell:Creating package script '/home/mie/Documents/bumperbot_ws/src/install/bumperbot_py_examples/share/bumperbot_py_examples/package.bash'
[0.677s] INFO:colcon.colcon_core.shell:Creating package script '/home/mie/Documents/bumperbot_ws/src/install/bumperbot_py_examples/share/bumperbot_py_examples/package.zsh'
[0.677s] Level 1:colcon.colcon_core.environment:create_file_with_runtime_dependencies(/home/mie/Documents/bumperbot_ws/src/install/bumperbot_py_examples/share/colcon-core/packages/bumperbot_py_examples)
[0.945s] DEBUG:colcon.colcon_core.event_handler.log_command:Invoked command in '/home/mie/Documents/bumperbot_ws/src/build/bumperbot_controller' returned '0': CMAKE_PREFIX_PATH=${CMAKE_PREFIX_PATH}:/home/mie/Documents/bumperbot_ws/install/bumperbot_py_examples:/opt/ros/humble /usr/bin/cmake /home/mie/Documents/bumperbot_ws/src/bumperbot_controller -DCMAKE_INSTALL_PREFIX=/home/mie/Documents/bumperbot_ws/src/install/bumperbot_controller
[0.946s] DEBUG:colcon.colcon_core.event_handler.log_command:Invoking command in '/home/mie/Documents/bumperbot_ws/src/build/bumperbot_controller': CMAKE_PREFIX_PATH=${CMAKE_PREFIX_PATH}:/home/mie/Documents/bumperbot_ws/install/bumperbot_py_examples:/opt/ros/humble /usr/bin/cmake --build /home/mie/Documents/bumperbot_ws/src/build/bumperbot_controller -- -j24 -l24
[0.959s] DEBUG:colcon.colcon_core.event_handler.log_command:Invoked command in '/home/mie/Documents/bumperbot_ws/src/build/bumperbot_cpp_examples' returned '0': CMAKE_PREFIX_PATH=${CMAKE_PREFIX_PATH}:/home/mie/Documents/bumperbot_ws/install/bumperbot_py_examples:/opt/ros/humble /usr/bin/cmake /home/mie/Documents/bumperbot_ws/src/bumperbot_cpp_examples -DCMAKE_INSTALL_PREFIX=/home/mie/Documents/bumperbot_ws/src/install/bumperbot_cpp_examples
[0.960s] DEBUG:colcon.colcon_core.event_handler.log_command:Invoking command in '/home/mie/Documents/bumperbot_ws/src/build/bumperbot_cpp_examples': CMAKE_PREFIX_PATH=${CMAKE_PREFIX_PATH}:/home/mie/Documents/bumperbot_ws/install/bumperbot_py_examples:/opt/ros/humble /usr/bin/cmake --build /home/mie/Documents/bumperbot_ws/src/build/bumperbot_cpp_examples -- -j24 -l24
[1.120s] DEBUG:colcon.colcon_core.event_handler.log_command:Invoked command in '/home/mie/Documents/bumperbot_ws/src/build/bumperbot_controller' returned '0': CMAKE_PREFIX_PATH=${CMAKE_PREFIX_PATH}:/home/mie/Documents/bumperbot_ws/install/bumperbot_py_examples:/opt/ros/humble /usr/bin/cmake --build /home/mie/Documents/bumperbot_ws/src/build/bumperbot_controller -- -j24 -l24
[1.130s] DEBUG:colcon.colcon_core.event_handler.log_command:Invoking command in '/home/mie/Documents/bumperbot_ws/src/build/bumperbot_controller': CMAKE_PREFIX_PATH=${CMAKE_PREFIX_PATH}:/home/mie/Documents/bumperbot_ws/install/bumperbot_py_examples:/opt/ros/humble /usr/bin/cmake --install /home/mie/Documents/bumperbot_ws/src/build/bumperbot_controller
[1.156s] Level 1:colcon.colcon_core.environment:create_environment_scripts_only(bumperbot_controller)
[1.156s] Level 1:colcon.colcon_core.environment:checking '/home/mie/Documents/bumperbot_ws/src/install/bumperbot_controller' for CMake module files
[1.157s] DEBUG:colcon.colcon_core.event_handler.log_command:Invoked command in '/home/mie/Documents/bumperbot_ws/src/build/bumperbot_controller' returned '0': CMAKE_PREFIX_PATH=${CMAKE_PREFIX_PATH}:/home/mie/Documents/bumperbot_ws/install/bumperbot_py_examples:/opt/ros/humble /usr/bin/cmake --install /home/mie/Documents/bumperbot_ws/src/build/bumperbot_controller
[1.157s] Level 1:colcon.colcon_core.environment:checking '/home/mie/Documents/bumperbot_ws/src/install/bumperbot_controller' for CMake config files
[1.157s] Level 1:colcon.colcon_core.shell:create_environment_hook('bumperbot_controller', 'cmake_prefix_path')
[1.157s] INFO:colcon.colcon_core.shell:Creating environment hook '/home/mie/Documents/bumperbot_ws/src/install/bumperbot_controller/share/bumperbot_controller/hook/cmake_prefix_path.ps1'
[1.157s] INFO:colcon.colcon_core.shell:Creating environment descriptor '/home/mie/Documents/bumperbot_ws/src/install/bumperbot_controller/share/bumperbot_controller/hook/cmake_prefix_path.dsv'
[1.157s] INFO:colcon.colcon_core.shell:Creating environment hook '/home/mie/Documents/bumperbot_ws/src/install/bumperbot_controller/share/bumperbot_controller/hook/cmake_prefix_path.sh'
[1.158s] Level 1:colcon.colcon_core.environment:checking '/home/mie/Documents/bumperbot_ws/src/install/bumperbot_controller/lib'
[1.158s] Level 1:colcon.colcon_core.environment:checking '/home/mie/Documents/bumperbot_ws/src/install/bumperbot_controller/bin'
[1.158s] Level 1:colcon.colcon_core.environment:checking '/home/mie/Documents/bumperbot_ws/src/install/bumperbot_controller/lib/pkgconfig/bumperbot_controller.pc'
[1.158s] Level 1:colcon.colcon_core.environment:checking '/home/mie/Documents/bumperbot_ws/src/install/bumperbot_controller/lib/python3.10/site-packages'
[1.158s] Level 1:colcon.colcon_core.environment:checking '/home/mie/Documents/bumperbot_ws/src/install/bumperbot_controller/bin'
[1.158s] INFO:colcon.colcon_core.shell:Creating package script '/home/mie/Documents/bumperbot_ws/src/install/bumperbot_controller/share/bumperbot_controller/package.ps1'
[1.158s] INFO:colcon.colcon_core.shell:Creating package descriptor '/home/mie/Documents/bumperbot_ws/src/install/bumperbot_controller/share/bumperbot_controller/package.dsv'
[1.158s] INFO:colcon.colcon_core.shell:Creating package script '/home/mie/Documents/bumperbot_ws/src/install/bumperbot_controller/share/bumperbot_controller/package.sh'
[1.159s] INFO:colcon.colcon_core.shell:Creating package script '/home/mie/Documents/bumperbot_ws/src/install/bumperbot_controller/share/bumperbot_controller/package.bash'
[1.159s] INFO:colcon.colcon_core.shell:Creating package script '/home/mie/Documents/bumperbot_ws/src/install/bumperbot_controller/share/bumperbot_controller/package.zsh'
[1.159s] Level 1:colcon.colcon_core.environment:create_file_with_runtime_dependencies(/home/mie/Documents/bumperbot_ws/src/install/bumperbot_controller/share/colcon-core/packages/bumperbot_controller)
[1.170s] Level 1:colcon.colcon_core.environment:create_environment_scripts_only(bumperbot_controller)
[1.170s] Level 1:colcon.colcon_core.environment:checking '/home/mie/Documents/bumperbot_ws/src/install/bumperbot_controller' for CMake module files
[1.170s] Level 1:colcon.colcon_core.environment:checking '/home/mie/Documents/bumperbot_ws/src/install/bumperbot_controller' for CMake config files
[1.170s] Level 1:colcon.colcon_core.shell:create_environment_hook('bumperbot_controller', 'cmake_prefix_path')
[1.170s] INFO:colcon.colcon_core.shell:Creating environment hook '/home/mie/Documents/bumperbot_ws/src/install/bumperbot_controller/share/bumperbot_controller/hook/cmake_prefix_path.ps1'
[1.171s] INFO:colcon.colcon_core.shell:Creating environment descriptor '/home/mie/Documents/bumperbot_ws/src/install/bumperbot_controller/share/bumperbot_controller/hook/cmake_prefix_path.dsv'
[1.171s] INFO:colcon.colcon_core.shell:Creating environment hook '/home/mie/Documents/bumperbot_ws/src/install/bumperbot_controller/share/bumperbot_controller/hook/cmake_prefix_path.sh'
[1.171s] Level 1:colcon.colcon_core.environment:checking '/home/mie/Documents/bumperbot_ws/src/install/bumperbot_controller/lib'
[1.171s] Level 1:colcon.colcon_core.environment:checking '/home/mie/Documents/bumperbot_ws/src/install/bumperbot_controller/bin'
[1.171s] Level 1:colcon.colcon_core.environment:checking '/home/mie/Documents/bumperbot_ws/src/install/bumperbot_controller/lib/pkgconfig/bumperbot_controller.pc'
[1.171s] Level 1:colcon.colcon_core.environment:checking '/home/mie/Documents/bumperbot_ws/src/install/bumperbot_controller/lib/python3.10/site-packages'
[1.171s] Level 1:colcon.colcon_core.environment:checking '/home/mie/Documents/bumperbot_ws/src/install/bumperbot_controller/bin'
[1.172s] INFO:colcon.colcon_core.shell:Creating package script '/home/mie/Documents/bumperbot_ws/src/install/bumperbot_controller/share/bumperbot_controller/package.ps1'
[1.172s] INFO:colcon.colcon_core.shell:Creating package descriptor '/home/mie/Documents/bumperbot_ws/src/install/bumperbot_controller/share/bumperbot_controller/package.dsv'
[1.172s] INFO:colcon.colcon_core.shell:Creating package script '/home/mie/Documents/bumperbot_ws/src/install/bumperbot_controller/share/bumperbot_controller/package.sh'
[1.172s] INFO:colcon.colcon_core.shell:Creating package script '/home/mie/Documents/bumperbot_ws/src/install/bumperbot_controller/share/bumperbot_controller/package.bash'
[1.172s] INFO:colcon.colcon_core.shell:Creating package script '/home/mie/Documents/bumperbot_ws/src/install/bumperbot_controller/share/bumperbot_controller/package.zsh'
[1.173s] Level 1:colcon.colcon_core.environment:create_file_with_runtime_dependencies(/home/mie/Documents/bumperbot_ws/src/install/bumperbot_controller/share/colcon-core/packages/bumperbot_controller)
[5.028s] DEBUG:colcon.colcon_core.event_handler.log_command:Invoked command in '/home/mie/Documents/bumperbot_ws/src/build/bumperbot_cpp_examples' returned '0': CMAKE_PREFIX_PATH=${CMAKE_PREFIX_PATH}:/home/mie/Documents/bumperbot_ws/install/bumperbot_py_examples:/opt/ros/humble /usr/bin/cmake --build /home/mie/Documents/bumperbot_ws/src/build/bumperbot_cpp_examples -- -j24 -l24
[5.041s] DEBUG:colcon.colcon_core.event_handler.log_command:Invoking command in '/home/mie/Documents/bumperbot_ws/src/build/bumperbot_cpp_examples': CMAKE_PREFIX_PATH=${CMAKE_PREFIX_PATH}:/home/mie/Documents/bumperbot_ws/install/bumperbot_py_examples:/opt/ros/humble /usr/bin/cmake --install /home/mie/Documents/bumperbot_ws/src/build/bumperbot_cpp_examples
[5.049s] Level 1:colcon.colcon_core.environment:create_environment_scripts_only(bumperbot_cpp_examples)
[5.050s] Level 1:colcon.colcon_core.environment:checking '/home/mie/Documents/bumperbot_ws/src/install/bumperbot_cpp_examples' for CMake module files
[5.050s] DEBUG:colcon.colcon_core.event_handler.log_command:Invoked command in '/home/mie/Documents/bumperbot_ws/src/build/bumperbot_cpp_examples' returned '0': CMAKE_PREFIX_PATH=${CMAKE_PREFIX_PATH}:/home/mie/Documents/bumperbot_ws/install/bumperbot_py_examples:/opt/ros/humble /usr/bin/cmake --install /home/mie/Documents/bumperbot_ws/src/build/bumperbot_cpp_examples
[5.050s] Level 1:colcon.colcon_core.environment:checking '/home/mie/Documents/bumperbot_ws/src/install/bumperbot_cpp_examples' for CMake config files
[5.050s] Level 1:colcon.colcon_core.shell:create_environment_hook('bumperbot_cpp_examples', 'cmake_prefix_path')
[5.050s] INFO:colcon.colcon_core.shell:Creating environment hook '/home/mie/Documents/bumperbot_ws/src/install/bumperbot_cpp_examples/share/bumperbot_cpp_examples/hook/cmake_prefix_path.ps1'
[5.051s] INFO:colcon.colcon_core.shell:Creating environment descriptor '/home/mie/Documents/bumperbot_ws/src/install/bumperbot_cpp_examples/share/bumperbot_cpp_examples/hook/cmake_prefix_path.dsv'
[5.051s] INFO:colcon.colcon_core.shell:Creating environment hook '/home/mie/Documents/bumperbot_ws/src/install/bumperbot_cpp_examples/share/bumperbot_cpp_examples/hook/cmake_prefix_path.sh'
[5.051s] Level 1:colcon.colcon_core.environment:checking '/home/mie/Documents/bumperbot_ws/src/install/bumperbot_cpp_examples/lib'
[5.051s] Level 1:colcon.colcon_core.environment:checking '/home/mie/Documents/bumperbot_ws/src/install/bumperbot_cpp_examples/bin'
[5.051s] Level 1:colcon.colcon_core.environment:checking '/home/mie/Documents/bumperbot_ws/src/install/bumperbot_cpp_examples/lib/pkgconfig/bumperbot_cpp_examples.pc'
[5.051s] Level 1:colcon.colcon_core.environment:checking '/home/mie/Documents/bumperbot_ws/src/install/bumperbot_cpp_examples/lib/python3.10/site-packages'
[5.051s] Level 1:colcon.colcon_core.environment:checking '/home/mie/Documents/bumperbot_ws/src/install/bumperbot_cpp_examples/bin'
[5.052s] INFO:colcon.colcon_core.shell:Creating package script '/home/mie/Documents/bumperbot_ws/src/install/bumperbot_cpp_examples/share/bumperbot_cpp_examples/package.ps1'
[5.052s] INFO:colcon.colcon_core.shell:Creating package descriptor '/home/mie/Documents/bumperbot_ws/src/install/bumperbot_cpp_examples/share/bumperbot_cpp_examples/package.dsv'
[5.052s] INFO:colcon.colcon_core.shell:Creating package script '/home/mie/Documents/bumperbot_ws/src/install/bumperbot_cpp_examples/share/bumperbot_cpp_examples/package.sh'
[5.052s] INFO:colcon.colcon_core.shell:Creating package script '/home/mie/Documents/bumperbot_ws/src/install/bumperbot_cpp_examples/share/bumperbot_cpp_examples/package.bash'
[5.053s] INFO:colcon.colcon_core.shell:Creating package script '/home/mie/Documents/bumperbot_ws/src/install/bumperbot_cpp_examples/share/bumperbot_cpp_examples/package.zsh'
[5.053s] Level 1:colcon.colcon_core.environment:create_file_with_runtime_dependencies(/home/mie/Documents/bumperbot_ws/src/install/bumperbot_cpp_examples/share/colcon-core/packages/bumperbot_cpp_examples)
[5.077s] Level 1:colcon.colcon_core.environment:create_environment_scripts_only(bumperbot_cpp_examples)
[5.078s] Level 1:colcon.colcon_core.environment:checking '/home/mie/Documents/bumperbot_ws/src/install/bumperbot_cpp_examples' for CMake module files
[5.079s] Level 1:colcon.colcon_core.environment:checking '/home/mie/Documents/bumperbot_ws/src/install/bumperbot_cpp_examples' for CMake config files
[5.079s] Level 1:colcon.colcon_core.shell:create_environment_hook('bumperbot_cpp_examples', 'cmake_prefix_path')
[5.079s] INFO:colcon.colcon_core.shell:Creating environment hook '/home/mie/Documents/bumperbot_ws/src/install/bumperbot_cpp_examples/share/bumperbot_cpp_examples/hook/cmake_prefix_path.ps1'
[5.080s] INFO:colcon.colcon_core.shell:Creating environment descriptor '/home/mie/Documents/bumperbot_ws/src/install/bumperbot_cpp_examples/share/bumperbot_cpp_examples/hook/cmake_prefix_path.dsv'
[5.080s] INFO:colcon.colcon_core.shell:Creating environment hook '/home/mie/Documents/bumperbot_ws/src/install/bumperbot_cpp_examples/share/bumperbot_cpp_examples/hook/cmake_prefix_path.sh'
[5.081s] Level 1:colcon.colcon_core.environment:checking '/home/mie/Documents/bumperbot_ws/src/install/bumperbot_cpp_examples/lib'
[5.081s] Level 1:colcon.colcon_core.environment:checking '/home/mie/Documents/bumperbot_ws/src/install/bumperbot_cpp_examples/bin'
[5.081s] Level 1:colcon.colcon_core.environment:checking '/home/mie/Documents/bumperbot_ws/src/install/bumperbot_cpp_examples/lib/pkgconfig/bumperbot_cpp_examples.pc'
[5.082s] Level 1:colcon.colcon_core.environment:checking '/home/mie/Documents/bumperbot_ws/src/install/bumperbot_cpp_examples/lib/python3.10/site-packages'
[5.082s] Level 1:colcon.colcon_core.environment:checking '/home/mie/Documents/bumperbot_ws/src/install/bumperbot_cpp_examples/bin'
[5.082s] INFO:colcon.colcon_core.shell:Creating package script '/home/mie/Documents/bumperbot_ws/src/install/bumperbot_cpp_examples/share/bumperbot_cpp_examples/package.ps1'
[5.083s] INFO:colcon.colcon_core.shell:Creating package descriptor '/home/mie/Documents/bumperbot_ws/src/install/bumperbot_cpp_examples/share/bumperbot_cpp_examples/package.dsv'
[5.083s] INFO:colcon.colcon_core.shell:Creating package script '/home/mie/Documents/bumperbot_ws/src/install/bumperbot_cpp_examples/share/bumperbot_cpp_examples/package.sh'
[5.083s] INFO:colcon.colcon_core.shell:Creating package script '/home/mie/Documents/bumperbot_ws/src/install/bumperbot_cpp_examples/share/bumperbot_cpp_examples/package.bash'
[5.083s] INFO:colcon.colcon_core.shell:Creating package script '/home/mie/Documents/bumperbot_ws/src/install/bumperbot_cpp_examples/share/bumperbot_cpp_examples/package.zsh'
[5.084s] Level 1:colcon.colcon_core.environment:create_file_with_runtime_dependencies(/home/mie/Documents/bumperbot_ws/src/install/bumperbot_cpp_examples/share/colcon-core/packages/bumperbot_cpp_examples)
[5.084s] DEBUG:colcon.colcon_parallel_executor.executor.parallel:closing loop
[5.084s] DEBUG:colcon.colcon_parallel_executor.executor.parallel:loop closed
[5.084s] DEBUG:colcon.colcon_parallel_executor.executor.parallel:run_until_complete finished with '0'
[5.084s] DEBUG:colcon.colcon_core.event_reactor:joining thread
[5.090s] INFO:colcon.colcon_core.plugin_system:Skipping extension 'colcon_notification.desktop_notification.terminal_notifier': Not used on non-Darwin systems
[5.090s] INFO:colcon.colcon_core.plugin_system:Skipping extension 'colcon_notification.desktop_notification.win32': Not used on non-Windows systems
[5.090s] INFO:colcon.colcon_notification.desktop_notification:Sending desktop notification using 'notify2'
[5.105s] DEBUG:colcon.colcon_core.event_reactor:joined thread
[5.106s] INFO:colcon.colcon_core.shell:Creating prefix script '/home/mie/Documents/bumperbot_ws/src/install/local_setup.ps1'
[5.107s] INFO:colcon.colcon_core.shell:Creating prefix util module '/home/mie/Documents/bumperbot_ws/src/install/_local_setup_util_ps1.py'
[5.108s] INFO:colcon.colcon_core.shell:Creating prefix chain script '/home/mie/Documents/bumperbot_ws/src/install/setup.ps1'
[5.109s] INFO:colcon.colcon_core.shell:Creating prefix script '/home/mie/Documents/bumperbot_ws/src/install/local_setup.sh'
[5.110s] INFO:colcon.colcon_core.shell:Creating prefix util module '/home/mie/Documents/bumperbot_ws/src/install/_local_setup_util_sh.py'
[5.110s] INFO:colcon.colcon_core.shell:Creating prefix chain script '/home/mie/Documents/bumperbot_ws/src/install/setup.sh'
[5.111s] INFO:colcon.colcon_core.shell:Creating prefix script '/home/mie/Documents/bumperbot_ws/src/install/local_setup.bash'
[5.112s] INFO:colcon.colcon_core.shell:Creating prefix chain script '/home/mie/Documents/bumperbot_ws/src/install/setup.bash'
[5.113s] INFO:colcon.colcon_core.shell:Creating prefix script '/home/mie/Documents/bumperbot_ws/src/install/local_setup.zsh'
[5.113s] INFO:colcon.colcon_core.shell:Creating prefix chain script '/home/mie/Documents/bumperbot_ws/src/install/setup.zsh'
